\BOOKMARK [0][-]{section*.3}{Lista de ilustra\347\365es}{}% 1
\BOOKMARK [0][-]{section*.4}{Sum\341rio}{}% 2
\BOOKMARK [1][-]{section*.5}{Introdu\347\343o}{section*.4}% 3
\BOOKMARK [1][-]{section.0.1}{An\341lise da Legisla\347\343o}{section*.4}% 4
\BOOKMARK [2][-]{subsection.0.1.1}{Legisla\347\343o Federal}{section.0.1}% 5
\BOOKMARK [2][-]{subsection.0.1.2}{Legisla\347\343o Estadual}{section.0.1}% 6
\BOOKMARK [2][-]{subsection.0.1.3}{Legisla\347\343o Municipal}{section.0.1}% 7
\BOOKMARK [3][-]{subsubsection.0.1.3.1}{Lei Org\342nica}{subsection.0.1.3}% 8
\BOOKMARK [3][-]{subsubsection.0.1.3.2}{Plano Municipal Integrado de Saneamento B\341sico}{subsection.0.1.3}% 9
\BOOKMARK [3][-]{subsubsection.0.1.3.3}{Lei n\272 1.107/98}{subsection.0.1.3}% 10
\BOOKMARK [3][-]{subsubsection.0.1.3.4}{Lei n\272 1.441/09}{subsection.0.1.3}% 11
\BOOKMARK [3][-]{subsubsection.0.1.3.5}{Lei n\2721.442/09}{subsection.0.1.3}% 12
\BOOKMARK [2][-]{subsection.0.1.4}{Lei n\272 1.445/09}{section.0.1}% 13
\BOOKMARK [3][-]{subsubsection.0.1.4.1}{Lei n\272 1.446/09}{subsection.0.1.4}% 14
\BOOKMARK [3][-]{subsubsection.0.1.4.2}{Lei n\272 1.454/09}{subsection.0.1.4}% 15
\BOOKMARK [3][-]{subsubsection.0.1.4.3}{Lei Complementar n\2727/16}{subsection.0.1.4}% 16
\BOOKMARK [3][-]{subsubsection.0.1.4.4}{Lei n\272 1.650/17}{subsection.0.1.4}% 17
\BOOKMARK [1][-]{section.0.2}{Situa\347\343o Or\347ament\341ria de Monteiro Lobato}{section*.4}% 18
\BOOKMARK [2][-]{subsection.0.2.1}{Plano Plurianual \(PPA\)}{section.0.2}% 19
\BOOKMARK [2][-]{subsection.0.2.2}{Lei de Diretrizes Or\347ament\341rias \(LDO\)}{section.0.2}% 20
\BOOKMARK [2][-]{subsection.0.2.3}{Lei Or\347ament\341ria Anual \(LOA\)}{section.0.2}% 21
\BOOKMARK [2][-]{subsection.0.2.4}{Situa\347\343o Or\347ament\341ria Municipal}{section.0.2}% 22
\BOOKMARK [2][-]{subsection.0.2.5}{Aporte de Recursos Suplementares}{section.0.2}% 23
\BOOKMARK [3][-]{subsubsection.0.2.5.1}{Projetos Multissetoriais Integrados Urbanos \(PMI\)}{subsection.0.2.5}% 24
\BOOKMARK [3][-]{subsubsection.0.2.5.2}{Saneamento Ambiental e Recursos H\355dricos}{subsection.0.2.5}% 25
\BOOKMARK [3][-]{subsubsection.0.2.5.3}{Fundo Nacional de Meio Ambiente \(FNMA\)}{subsection.0.2.5}% 26
\BOOKMARK [3][-]{subsubsection.0.2.5.4}{Fundo do Clima}{subsection.0.2.5}% 27
\BOOKMARK [3][-]{subsubsection.0.2.5.5}{Outros Meios de Financiamento}{subsection.0.2.5}% 28
\BOOKMARK [2][-]{subsection.0.2.6}{An\341lise integrada}{section.0.2}% 29
\BOOKMARK [0][-]{chapter*.6}{Refer\352ncias}{}% 30
\BOOKMARK [0][-]{appendix.A}{Classifica\347\343o de exig\352ncias legais e normativas}{}% 31
\BOOKMARK [1][-]{section.A.1}{Res\355duos S\363lidos Urbanos}{appendix.A}% 32
\BOOKMARK [2][-]{subsection.A.1.1}{Federal}{section.A.1}% 33
\BOOKMARK [3][-]{subsubsection.A.1.1.1}{Lei 11.445/2007}{subsection.A.1.1}% 34
\BOOKMARK [3][-]{subsubsection.A.1.1.2}{NBR 1.299/1993}{subsection.A.1.1}% 35
\BOOKMARK [3][-]{subsubsection.A.1.1.3}{NBR 8.419/1996}{subsection.A.1.1}% 36
\BOOKMARK [3][-]{subsubsection.A.1.1.4}{NBR 12.980/1993}{subsection.A.1.1}% 37
\BOOKMARK [3][-]{subsubsection.A.1.1.5}{NBR 15.911/2011}{subsection.A.1.1}% 38
\BOOKMARK [2][-]{subsection.A.1.2}{Estadual}{section.A.1}% 39
\BOOKMARK [3][-]{subsubsection.A.1.2.1}{Constitui\347\343o Estadual}{subsection.A.1.2}% 40
\BOOKMARK [3][-]{subsubsection.A.1.2.2}{Lei complementar n\272 1.025/200}{subsection.A.1.2}% 41
\BOOKMARK [3][-]{subsubsection.A.1.2.3}{Lei n\272 7.750/1992}{subsection.A.1.2}% 42
\BOOKMARK [3][-]{subsubsection.A.1.2.4}{Lei n\272 10.763/2001}{subsection.A.1.2}% 43
\BOOKMARK [3][-]{subsubsection.A.1.2.5}{Lei 10.888/2001}{subsection.A.1.2}% 44
\BOOKMARK [3][-]{subsubsection.A.1.2.6}{Decreto 55.565/2010}{subsection.A.1.2}% 45
\BOOKMARK [3][-]{subsubsection.A.1.2.7}{Norma Cetesb P4.241 \(Sem Data\)}{subsection.A.1.2}% 46
\BOOKMARK [3][-]{subsubsection.A.1.2.8}{Resolu\347\343o SSE/SMA 49/200}{subsection.A.1.2}% 47
\BOOKMARK [2][-]{subsection.A.1.3}{Municipal}{section.A.1}% 48
\BOOKMARK [3][-]{subsubsection.A.1.3.1}{Lei Org\342nica do Munic\355pio de Monteiro Lobato. Promulgada em 1990 e atualizada em 2007.}{subsection.A.1.3}% 49
\BOOKMARK [3][-]{subsubsection.A.1.3.2}{Lei 1.296/05}{subsection.A.1.3}% 50
\BOOKMARK [3][-]{subsubsection.A.1.3.3}{Lei 1.350/07}{subsection.A.1.3}% 51
\BOOKMARK [3][-]{subsubsection.A.1.3.4}{Lei 1.417/09}{subsection.A.1.3}% 52
\BOOKMARK [3][-]{subsubsection.A.1.3.5}{Lei 1.447/09}{subsection.A.1.3}% 53
\BOOKMARK [3][-]{subsubsection.A.1.3.6}{Decreto 99/1974}{subsection.A.1.3}% 54
\BOOKMARK [3][-]{subsubsection.A.1.3.7}{Decreto 968/2006}{subsection.A.1.3}% 55
\BOOKMARK [1][-]{section.A.2}{Res\355duos de Servi\347os de Saneamento}{appendix.A}% 56
\BOOKMARK [2][-]{subsection.A.2.1}{Federal}{section.A.2}% 57
\BOOKMARK [3][-]{subsubsection.A.2.1.1}{Resolu\347\343o 375/2006}{subsection.A.2.1}% 58
\BOOKMARK [3][-]{subsubsection.A.2.1.2}{Resolu\347\343o Conama 380/200}{subsection.A.2.1}% 59
\BOOKMARK [3][-]{subsubsection.A.2.1.3}{Resolu\347\343o Conama 410/2009}{subsection.A.2.1}% 60
\BOOKMARK [3][-]{subsubsection.A.2.1.4}{NBR 7.166/1992}{subsection.A.2.1}% 61
\BOOKMARK [3][-]{subsubsection.A.2.1.5}{Lei n\272 2.627/1954}{subsection.A.2.1}% 62
\BOOKMARK [2][-]{subsection.A.2.2}{Municipal}{section.A.2}% 63
\BOOKMARK [3][-]{subsubsection.A.2.2.1}{Lei 864/91}{subsection.A.2.2}% 64
\BOOKMARK [1][-]{section.A.3}{Res\355duos de Constru\347\343o Civil}{appendix.A}% 65
\BOOKMARK [2][-]{subsection.A.3.1}{Federal}{section.A.3}% 66
\BOOKMARK [3][-]{subsubsection.A.3.1.1}{Resolu\347\343o Conama 307/2002}{subsection.A.3.1}% 67
\BOOKMARK [3][-]{subsubsection.A.3.1.2}{NBR 15.112/2004}{subsection.A.3.1}% 68
\BOOKMARK [3][-]{subsubsection.A.3.1.3}{NBR 15.113/2004}{subsection.A.3.1}% 69
\BOOKMARK [3][-]{subsubsection.A.3.1.4}{NBR 15.114/2004}{subsection.A.3.1}% 70
\BOOKMARK [3][-]{subsubsection.A.3.1.5}{NBR 15.115/2004}{subsection.A.3.1}% 71
\BOOKMARK [3][-]{subsubsection.A.3.1.6}{NBR 15.116/2004}{subsection.A.3.1}% 72
\BOOKMARK [3][-]{subsubsection.A.3.1.7}{NR 18}{subsection.A.3.1}% 73
\BOOKMARK [2][-]{subsection.A.3.2}{Estadual}{section.A.3}% 74
\BOOKMARK [3][-]{subsubsection.A.3.2.1}{Lei n\272 119/1973}{subsection.A.3.2}% 75
\BOOKMARK [3][-]{subsubsection.A.3.2.2}{Resolu\347\343o da SMA 81/2014}{subsection.A.3.2}% 76
\BOOKMARK [2][-]{subsection.A.3.3}{Municipal}{section.A.3}% 77
\BOOKMARK [3][-]{subsubsection.A.3.3.1}{Lei Org\342nica do Munic\355pio de Monteiro Lobato. Promulgada em 1990 e atualizada em 2007.}{subsection.A.3.3}% 78
\BOOKMARK [3][-]{subsubsection.A.3.3.2}{Art. 98}{subsection.A.3.3}% 79
\BOOKMARK [3][-]{subsubsection.A.3.3.3}{Lei 865/91}{subsection.A.3.3}% 80
\BOOKMARK [3][-]{subsubsection.A.3.3.4}{Lei 1.442/09}{subsection.A.3.3}% 81
\BOOKMARK [3][-]{subsubsection.A.3.3.5}{Lei 1.541/13}{subsection.A.3.3}% 82
\BOOKMARK [1][-]{section.A.4}{Res\355duos Volumosos}{appendix.A}% 83
\BOOKMARK [2][-]{subsection.A.4.1}{Federal}{section.A.4}% 84
\BOOKMARK [3][-]{subsubsection.A.4.1.1}{NBR 15.112/2004}{subsection.A.4.1}% 85
\BOOKMARK [2][-]{subsection.A.4.2}{Municipal}{section.A.4}% 86
\BOOKMARK [3][-]{subsubsection.A.4.2.1}{Lei 1.447/09}{subsection.A.4.2}% 87
\BOOKMARK [1][-]{section.A.5}{Res\355duos de Servi\347o de Sa\372de}{appendix.A}% 88
\BOOKMARK [2][-]{subsection.A.5.1}{Federal}{section.A.5}% 89
\BOOKMARK [3][-]{subsubsection.A.5.1.1}{Lei 9782/1999}{subsection.A.5.1}% 90
\BOOKMARK [3][-]{subsubsection.A.5.1.2}{Resolu\347\343o Conama 06/1991}{subsection.A.5.1}% 91
\BOOKMARK [3][-]{subsubsection.A.5.1.3}{Resolu\347\343o Conama 358/2005}{subsection.A.5.1}% 92
\BOOKMARK [3][-]{subsubsection.A.5.1.4}{Resolu\347\343o RDC ANVISA 305/2002}{subsection.A.5.1}% 93
\BOOKMARK [3][-]{subsubsection.A.5.1.5}{Resolu\347\343o RDC ANVISA 306/2004}{subsection.A.5.1}% 94
\BOOKMARK [3][-]{subsubsection.A.5.1.6}{NBR 12.807/1993}{subsection.A.5.1}% 95
\BOOKMARK [3][-]{subsubsection.A.5.1.7}{NBR 12.808/2016}{subsection.A.5.1}% 96
\BOOKMARK [3][-]{subsubsection.A.5.1.8}{NBR 12.809/2013}{subsection.A.5.1}% 97
\BOOKMARK [3][-]{subsubsection.A.5.1.9}{NBR 12.810/2016.}{subsection.A.5.1}% 98
\BOOKMARK [3][-]{subsubsection.A.5.1.10}{NBR 14.652/2013}{subsection.A.5.1}% 99
\BOOKMARK [3][-]{subsubsection.A.5.1.11}{NBR 15.911/2011}{subsection.A.5.1}% 100
\BOOKMARK [2][-]{subsection.A.5.2}{Estadual}{section.A.5}% 101
\BOOKMARK [3][-]{subsubsection.A.5.2.1}{Decis\343o Cetesb n\272. 3-E/2004}{subsection.A.5.2}% 102
\BOOKMARK [3][-]{subsubsection.A.5.2.2}{Decis\343o Cetesb n\272. 224/2007/E}{subsection.A.5.2}% 103
\BOOKMARK [3][-]{subsubsection.A.5.2.3}{Norma Cetesb P4.262/2007}{subsection.A.5.2}% 104
\BOOKMARK [3][-]{subsubsection.A.5.2.4}{Norma Cetesb E15.010/2011}{subsection.A.5.2}% 105
\BOOKMARK [3][-]{subsubsection.A.5.2.5}{Norma Cetesb E15.011/2007}{subsection.A.5.2}% 106
\BOOKMARK [3][-]{subsubsection.A.5.2.6}{Portaria da Secretaria Estadual de Meio Ambiente CVS n\272 21/2008}{subsection.A.5.2}% 107
\BOOKMARK [3][-]{subsubsection.A.5.2.7}{SS/SMA/SJDC-SP 1/2004}{subsection.A.5.2}% 108
\BOOKMARK [3][-]{subsubsection.A.5.2.8}{Resolu\347\343o da SMA 22/2007}{subsection.A.5.2}% 109
\BOOKMARK [3][-]{subsubsection.A.5.2.9}{Resolu\347\343o da SMA 33/2005}{subsection.A.5.2}% 110
\BOOKMARK [3][-]{subsubsection.A.5.2.10}{Resolu\347\343o da SMA 103/2012}{subsection.A.5.2}% 111
\BOOKMARK [2][-]{subsection.A.5.3}{Municipal}{section.A.5}% 112
\BOOKMARK [3][-]{subsubsection.A.5.3.1}{Lei Org\342nica do Munic\355pio de Monteiro Lobato. Promulgada em 1990 e atualizada em 2007.}{subsection.A.5.3}% 113
\BOOKMARK [3][-]{subsubsection.A.5.3.2}{Art. 98}{subsection.A.5.3}% 114
\BOOKMARK [3][-]{subsubsection.A.5.3.3}{Decreto 968/2006}{subsection.A.5.3}% 115
\BOOKMARK [1][-]{section.A.6}{Res\355duos Agrossilvopastoris}{appendix.A}% 116
\BOOKMARK [2][-]{subsection.A.6.1}{Federal}{section.A.6}% 117
\BOOKMARK [3][-]{subsubsection.A.6.1.1}{Lei 7802/1989}{subsection.A.6.1}% 118
\BOOKMARK [3][-]{subsubsection.A.6.1.2}{Lei 9782/1999}{subsection.A.6.1}% 119
\BOOKMARK [3][-]{subsubsection.A.6.1.3}{Lei 9974/2000}{subsection.A.6.1}% 120
\BOOKMARK [3][-]{subsubsection.A.6.1.4}{Decreto 4074/2002}{subsection.A.6.1}% 121
\BOOKMARK [3][-]{subsubsection.A.6.1.5}{NBR 13.227/2017}{subsection.A.6.1}% 122
\BOOKMARK [3][-]{subsubsection.A.6.1.6}{NBR 13.237/2017}{subsection.A.6.1}% 123
\BOOKMARK [3][-]{subsubsection.A.6.1.7}{NBR 14.719/2001}{subsection.A.6.1}% 124
\BOOKMARK [2][-]{subsection.A.6.2}{Estadual}{section.A.6}% 125
\BOOKMARK [3][-]{subsubsection.A.6.2.1}{Lei n\272 10.547/2000}{subsection.A.6.2}% 126
\BOOKMARK [3][-]{subsubsection.A.6.2.2}{Decis\343o Cetesb n\272. 88/2012}{subsection.A.6.2}% 127
\BOOKMARK [3][-]{subsubsection.A.6.2.3}{Decis\343o Cetesb n\272. 273/2010}{subsection.A.6.2}% 128
\BOOKMARK [3][-]{subsubsection.A.6.2.4}{Decis\343o Cetesb n\272. 388/2010}{subsection.A.6.2}% 129
\BOOKMARK [3][-]{subsubsection.A.6.2.5}{Norma Cetesb P4.231/2006}{subsection.A.6.2}% 130
\BOOKMARK [3][-]{subsubsection.A.6.2.6}{Resolu\347\343o da SMA 50/2007}{subsection.A.6.2}% 131
\BOOKMARK [2][-]{subsection.A.6.3}{Municipal}{section.A.6}% 132
\BOOKMARK [3][-]{subsubsection.A.6.3.1}{Lei Org\342nica \(Resolu\347\343o 1/2007\)}{subsection.A.6.3}% 133
\BOOKMARK [1][-]{section.A.7}{Res\355duos de Log\355stica Reversa}{appendix.A}% 134
\BOOKMARK [2][-]{subsection.A.7.1}{Federal}{section.A.7}% 135
\BOOKMARK [3][-]{subsubsection.A.7.1.1}{Lei 7802/1989}{subsection.A.7.1}% 136
\BOOKMARK [3][-]{subsubsection.A.7.1.2}{Lei 9177/2017}{subsection.A.7.1}% 137
\BOOKMARK [3][-]{subsubsection.A.7.1.3}{Lei 9974/2000}{subsection.A.7.1}% 138
\BOOKMARK [3][-]{subsubsection.A.7.1.4}{Decreto 4074/2002}{subsection.A.7.1}% 139
\BOOKMARK [3][-]{subsubsection.A.7.1.5}{Resolu\347\343o Conama 362/2005}{subsection.A.7.1}% 140
\BOOKMARK [3][-]{subsubsection.A.7.1.6}{Resolu\347\343o Conama 362/2005.}{subsection.A.7.1}% 141
\BOOKMARK [3][-]{subsubsection.A.7.1.7}{Resolu\347\343o Conama 401/2008}{subsection.A.7.1}% 142
\BOOKMARK [3][-]{subsubsection.A.7.1.8}{Resolu\347\343o Conama 416/2009}{subsection.A.7.1}% 143
\BOOKMARK [3][-]{subsubsection.A.7.1.9}{Resolu\347\343o Conama 424/2010}{subsection.A.7.1}% 144
\BOOKMARK [3][-]{subsubsection.A.7.1.10}{Resolu\347\343o Conama 450/2012}{subsection.A.7.1}% 145
\BOOKMARK [3][-]{subsubsection.A.7.1.11}{Resolu\347\343o Conama 465/2014}{subsection.A.7.1}% 146
\BOOKMARK [3][-]{subsubsection.A.7.1.12}{NBR 13.227/2017}{subsection.A.7.1}% 147
\BOOKMARK [3][-]{subsubsection.A.7.1.13}{NBR 13.237/2017}{subsection.A.7.1}% 148
\BOOKMARK [3][-]{subsubsection.A.7.1.14}{NBR 14.719/2001}{subsection.A.7.1}% 149
\BOOKMARK [3][-]{subsubsection.A.7.1.15}{NBR 15.833/2010}{subsection.A.7.1}% 150
\BOOKMARK [3][-]{subsubsection.A.7.1.16}{NBR 16.156/2013}{subsection.A.7.1}% 151
\BOOKMARK [3][-]{subsubsection.A.7.1.17}{IN do IBAMA 01/2010}{subsection.A.7.1}% 152
\BOOKMARK [3][-]{subsubsection.A.7.1.18}{IN do IBAMA 08/2012}{subsection.A.7.1}% 153
\BOOKMARK [2][-]{subsection.A.7.2}{Estadual}{section.A.7}% 154
\BOOKMARK [3][-]{subsubsection.A.7.2.1}{Lei n\272 12.288/2006}{subsection.A.7.2}% 155
\BOOKMARK [3][-]{subsubsection.A.7.2.2}{Lei 13.576/2009}{subsection.A.7.2}% 156
\BOOKMARK [3][-]{subsubsection.A.7.2.3}{Lei n\272 14.186/2010}{subsection.A.7.2}% 157
\BOOKMARK [3][-]{subsubsection.A.7.2.4}{Lei n\272 15.276/2014}{subsection.A.7.2}% 158
\BOOKMARK [3][-]{subsubsection.A.7.2.5}{Decreto n\272 60.150/2014}{subsection.A.7.2}% 159
\BOOKMARK [3][-]{subsubsection.A.7.2.6}{Decis\343o Cetesb n\272. 88/2012}{subsection.A.7.2}% 160
\BOOKMARK [3][-]{subsubsection.A.7.2.7}{Resolu\347\343o da SMA - SP 11/2012}{subsection.A.7.2}% 161
\BOOKMARK [3][-]{subsubsection.A.7.2.8}{Resolu\347\343o da SMA 115/2013}{subsection.A.7.2}% 162
\BOOKMARK [1][-]{section.A.8}{Res\355duos Industriais}{appendix.A}% 163
\BOOKMARK [2][-]{subsection.A.8.1}{Federal}{section.A.8}% 164
\BOOKMARK [3][-]{subsubsection.A.8.1.1}{NR 25}{subsection.A.8.1}% 165
\BOOKMARK [2][-]{subsection.A.8.2}{Estadual}{section.A.8}% 166
\BOOKMARK [3][-]{subsubsection.A.8.2.1}{Norma Cetesb L5.510/1982}{subsection.A.8.2}% 167
\BOOKMARK [3][-]{subsubsection.A.8.2.2}{Norma Cetesb L10.101/1988}{subsection.A.8.2}% 168
\BOOKMARK [1][-]{section.A.9}{Res\355duos de Servi\347os de Transporte}{appendix.A}% 169
\BOOKMARK [2][-]{subsection.A.9.1}{Federal}{section.A.9}% 170
\BOOKMARK [3][-]{subsubsection.A.9.1.1}{Resolu\347\343o Conama 02/1991}{subsection.A.9.1}% 171
\BOOKMARK [3][-]{subsubsection.A.9.1.2}{Resolu\347\343o Conama 06/1991}{subsection.A.9.1}% 172
\BOOKMARK [3][-]{subsubsection.A.9.1.3}{Resolu\347\343o RDC ANVISA 56/2008}{subsection.A.9.1}% 173
\BOOKMARK [1][-]{section.A.10}{Res\355duos de Minera\347\343o}{appendix.A}% 174
\BOOKMARK [2][-]{subsection.A.10.1}{Federal}{section.A.10}% 175
\BOOKMARK [3][-]{subsubsection.A.10.1.1}{NBR 13.029/2017}{subsection.A.10.1}% 176
\BOOKMARK [3][-]{subsubsection.A.10.1.2}{NR 22}{subsection.A.10.1}% 177
\BOOKMARK [2][-]{subsection.A.10.2}{Municipal}{section.A.10}% 178
\BOOKMARK [3][-]{subsubsection.A.10.2.1}{Lei Org\342nica Art. 179}{subsection.A.10.2}% 179
\BOOKMARK [1][-]{section.A.11}{Res\355duos Perigosos}{appendix.A}% 180
\BOOKMARK [2][-]{subsection.A.11.1}{Federal}{section.A.11}% 181
\BOOKMARK [3][-]{subsubsection.A.11.1.1}{Lei 9966/2000}{subsection.A.11.1}% 182
\BOOKMARK [3][-]{subsubsection.A.11.1.2}{Decreto 875/1993}{subsection.A.11.1}% 183
\BOOKMARK [3][-]{subsubsection.A.11.1.3}{Decreto no 2.063/1983}{subsection.A.11.1}% 184
\BOOKMARK [3][-]{subsubsection.A.11.1.4}{Decreto 4.136/2002}{subsection.A.11.1}% 185
\BOOKMARK [3][-]{subsubsection.A.11.1.5}{Portaria Ministerial 261/1989}{subsection.A.11.1}% 186
\BOOKMARK [3][-]{subsubsection.A.11.1.6}{ANTT: Resolu\347\343o 420/2004}{subsection.A.11.1}% 187
\BOOKMARK [3][-]{subsubsection.A.11.1.7}{Resolu\347\343o Conama 023/1996}{subsection.A.11.1}% 188
\BOOKMARK [3][-]{subsubsection.A.11.1.8}{Resolu\347\343o Conama 228/1997}{subsection.A.11.1}% 189
\BOOKMARK [3][-]{subsubsection.A.11.1.9}{Resolu\347\343o Conama 252/2012}{subsection.A.11.1}% 190
\BOOKMARK [3][-]{subsubsection.A.11.1.10}{Resolu\347\343o Conama 420/2009}{subsection.A.11.1}% 191
\BOOKMARK [3][-]{subsubsection.A.11.1.11}{Resolu\347\343o 452/2012}{subsection.A.11.1}% 192
\BOOKMARK [3][-]{subsubsection.A.11.1.12}{CP ANVISA 32/2004}{subsection.A.11.1}% 193
\BOOKMARK [3][-]{subsubsection.A.11.1.13}{NBR 7.500/2017}{subsection.A.11.1}% 194
\BOOKMARK [3][-]{subsubsection.A.11.1.14}{NBR 8.418/1984}{subsection.A.11.1}% 195
\BOOKMARK [3][-]{subsubsection.A.11.1.15}{NBR 9.735/2006}{subsection.A.11.1}% 196
\BOOKMARK [3][-]{subsubsection.A.11.1.16}{NBR 10.157/1987}{subsection.A.11.1}% 197
\BOOKMARK [3][-]{subsubsection.A.11.1.17}{NBR 11.175/1990}{subsection.A.11.1}% 198
\BOOKMARK [3][-]{subsubsection.A.11.1.18}{NBR 13.853/1997}{subsection.A.11.1}% 199
\BOOKMARK [3][-]{subsubsection.A.11.1.19}{NBR 14.725/2014}{subsection.A.11.1}% 200
\BOOKMARK [3][-]{subsubsection.A.11.1.20}{NBR 16.725/2014}{subsection.A.11.1}% 201
\BOOKMARK [3][-]{subsubsection.A.11.1.21}{NR 20}{subsection.A.11.1}% 202
\BOOKMARK [3][-]{subsubsection.A.11.1.22}{NR 23}{subsection.A.11.1}% 203
\BOOKMARK [3][-]{subsubsection.A.11.1.23}{IN do IBAMA 05/2012}{subsection.A.11.1}% 204
\BOOKMARK [3][-]{subsubsection.A.11.1.24}{IN do IBAMA 01/2013}{subsection.A.11.1}% 205
\BOOKMARK [2][-]{subsection.A.11.2}{Estadual}{section.A.11}% 206
\BOOKMARK [3][-]{subsubsection.A.11.2.1}{Lei 10.888/2001}{subsection.A.11.2}% 207
\BOOKMARK [3][-]{subsubsection.A.11.2.2}{Lei n\272 12.684/2007}{subsection.A.11.2}% 208
\BOOKMARK [3][-]{subsubsection.A.11.2.3}{Lei n\272 15.303/2014}{subsection.A.11.2}% 209
\BOOKMARK [3][-]{subsubsection.A.11.2.4}{Lei n\272 15.313/2014}{subsection.A.11.2}% 210
\BOOKMARK [3][-]{subsubsection.A.11.2.5}{Decreto n\272 45.643/2001}{subsection.A.11.2}% 211
\BOOKMARK [3][-]{subsubsection.A.11.2.6}{Decis\343o Cetesb n\272. 3-E/2004}{subsection.A.11.2}% 212
\BOOKMARK [3][-]{subsubsection.A.11.2.7}{Decis\343o Cetesb n\272. 27/2008}{subsection.A.11.2}% 213
\BOOKMARK [3][-]{subsubsection.A.11.2.8}{Decis\343o Cetesb n\272. 224/2007/E}{subsection.A.11.2}% 214
\BOOKMARK [3][-]{subsubsection.A.11.2.9}{Decis\343o Cetesb n\272. 145/2010}{subsection.A.11.2}% 215
\BOOKMARK [3][-]{subsubsection.A.11.2.10}{Decis\343o Cetesb n\272. 152/2007}{subsection.A.11.2}% 216
\BOOKMARK [3][-]{subsubsection.A.11.2.11}{Decis\343o Cetesb n\272. 263/2009}{subsection.A.11.2}% 217
\BOOKMARK [3][-]{subsubsection.A.11.2.12}{Norma Cetesb O1.012/1985}{subsection.A.11.2}% 218
\BOOKMARK [3][-]{subsubsection.A.11.2.13}{Norma Cetesb P4.262/2007}{subsection.A.11.2}% 219
\BOOKMARK [3][-]{subsubsection.A.11.2.14}{Norma Cetesb E15.010/2011}{subsection.A.11.2}% 220
\BOOKMARK [3][-]{subsubsection.A.11.2.15}{Resolu\347\343o da SMA 38/2011}{subsection.A.11.2}% 221
\BOOKMARK [3][-]{subsubsection.A.11.2.16}{Resolu\347\343o da SMA 115/2013}{subsection.A.11.2}% 222
\BOOKMARK [1][-]{section.A.12}{Reciclagem, Re\372so ou Reaproveitamento}{appendix.A}% 223
\BOOKMARK [2][-]{subsection.A.12.1}{Federal}{section.A.12}% 224
\BOOKMARK [3][-]{subsubsection.A.12.1.1}{Decreto 5.940/2006}{subsection.A.12.1}% 225
\BOOKMARK [3][-]{subsubsection.A.12.1.2}{NBR 15.114/2004}{subsection.A.12.1}% 226
\BOOKMARK [3][-]{subsubsection.A.12.1.3}{NBR 15.115/2004}{subsection.A.12.1}% 227
\BOOKMARK [3][-]{subsubsection.A.12.1.4}{NBR 15.116/2004}{subsection.A.12.1}% 228
\BOOKMARK [3][-]{subsubsection.A.12.1.5}{Lei n\272 14.470/2011}{subsection.A.12.1}% 229
\BOOKMARK [2][-]{subsection.A.12.2}{Estadual}{section.A.12}% 230
\BOOKMARK [3][-]{subsubsection.A.12.2.1}{Lei n\272 9.338/1996}{subsection.A.12.2}% 231
\BOOKMARK [3][-]{subsubsection.A.12.2.2}{Lei n\272 9.532/1997}{subsection.A.12.2}% 232
\BOOKMARK [3][-]{subsubsection.A.12.2.3}{Lei n\272 12.047/2005}{subsection.A.12.2}% 233
\BOOKMARK [3][-]{subsubsection.A.12.2.4}{Lei 13.576/2009}{subsection.A.12.2}% 234
\BOOKMARK [3][-]{subsubsection.A.12.2.5}{Lei n\272 14.731/2012}{subsection.A.12.2}% 235
\BOOKMARK [3][-]{subsubsection.A.12.2.6}{Lei n\272 15.303/2014}{subsection.A.12.2}% 236
\BOOKMARK [3][-]{subsubsection.A.12.2.7}{Resolu\347\343o SSE/SMA 49 /2007}{subsection.A.12.2}% 237
\BOOKMARK [3][-]{subsubsection.A.12.2.8}{Resolu\347\343o da SMA 79/2009}{subsection.A.12.2}% 238
\BOOKMARK [3][-]{subsubsection.A.12.2.9}{Resolu\347\343o da SMA 88/2013}{subsection.A.12.2}% 239
\BOOKMARK [2][-]{subsection.A.12.3}{Municipal}{section.A.12}% 240
\BOOKMARK [3][-]{subsubsection.A.12.3.1}{Lei 571/83}{subsection.A.12.3}% 241
\BOOKMARK [3][-]{subsubsection.A.12.3.2}{Lei 1.295/05}{subsection.A.12.3}% 242
\BOOKMARK [3][-]{subsubsection.A.12.3.3}{Lei 1.302/05}{subsection.A.12.3}% 243
\BOOKMARK [3][-]{subsubsection.A.12.3.4}{Lei 1.322/06}{subsection.A.12.3}% 244
\BOOKMARK [3][-]{subsubsection.A.12.3.5}{Lei 1.354/07}{subsection.A.12.3}% 245
\BOOKMARK [3][-]{subsubsection.A.12.3.6}{Lei 1.392/08}{subsection.A.12.3}% 246
\BOOKMARK [3][-]{subsubsection.A.12.3.7}{Lei 1.418/09}{subsection.A.12.3}% 247
\BOOKMARK [3][-]{subsubsection.A.12.3.8}{Lei 1.541/13}{subsection.A.12.3}% 248
\BOOKMARK [3][-]{subsubsection.A.12.3.9}{Decreto 1.389/2013}{subsection.A.12.3}% 249
\BOOKMARK [1][-]{section.A.13}{Penalidades, San\347\365es Administrativas e Fiscaliza\347\343o}{appendix.A}% 250
\BOOKMARK [2][-]{subsection.A.13.1}{Federal}{section.A.13}% 251
\BOOKMARK [3][-]{subsubsection.A.13.1.1}{Decreto 6.514/2008}{subsection.A.13.1}% 252
\BOOKMARK [3][-]{subsubsection.A.13.1.2}{Lei 9605/1998}{subsection.A.13.1}% 253
\BOOKMARK [2][-]{subsection.A.13.2}{Estadual}{section.A.13}% 254
\BOOKMARK [3][-]{subsubsection.A.13.2.1}{Resolu\347\343o da SMA 103/2012}{subsection.A.13.2}% 255
\BOOKMARK [3][-]{subsubsection.A.13.2.2}{Resolu\347\343o da SMA 114/2010}{subsection.A.13.2}% 256
\BOOKMARK [2][-]{subsection.A.13.3}{Municipal}{section.A.13}% 257
\BOOKMARK [3][-]{subsubsection.A.13.3.1}{Decreto 7531998}{subsection.A.13.3}% 258
\BOOKMARK [1][-]{section.A.14}{Saneamento B\341sico}{appendix.A}% 259
\BOOKMARK [2][-]{subsection.A.14.1}{Estadual}{section.A.14}% 260
\BOOKMARK [3][-]{subsubsection.A.14.1.1}{Decreto 7.217/2010}{subsection.A.14.1}% 261
\BOOKMARK [3][-]{subsubsection.A.14.1.2}{Resolu\347\343o Conama 05/1988}{subsection.A.14.1}% 262
\BOOKMARK [2][-]{subsection.A.14.2}{Estadual}{section.A.14}% 263
\BOOKMARK [3][-]{subsubsection.A.14.2.1}{Lei n\272 7.750/1992}{subsection.A.14.2}% 264
\BOOKMARK [3][-]{subsubsection.A.14.2.2}{Lei n\272 4.882/1985}{subsection.A.14.2}% 265
\BOOKMARK [3][-]{subsubsection.A.14.2.3}{Constitui\347\343o Estadual}{subsection.A.14.2}% 266
\BOOKMARK [3][-]{subsubsection.A.14.2.4}{Lei n\272 8.275/1993}{subsection.A.14.2}% 267
\BOOKMARK [3][-]{subsubsection.A.14.2.5}{Lei n\272 10.083/1998}{subsection.A.14.2}% 268
\BOOKMARK [3][-]{subsubsection.A.14.2.6}{Lei n\272 10.107/1968}{subsection.A.14.2}% 269
\BOOKMARK [3][-]{subsubsection.A.14.2.7}{Lei n\272 11.364/2003}{subsection.A.14.2}% 270
\BOOKMARK [3][-]{subsubsection.A.14.2.8}{Decreto n\272 50.079/1968}{subsection.A.14.2}% 271
\BOOKMARK [3][-]{subsubsection.A.14.2.9}{Decreto 52.455/2007}{subsection.A.14.2}% 272
\BOOKMARK [3][-]{subsubsection.A.14.2.10}{Decreto n\272 52.895/2008}{subsection.A.14.2}% 273
\BOOKMARK [3][-]{subsubsection.A.14.2.11}{Decreto 55.565/2010}{subsection.A.14.2}% 274
\BOOKMARK [2][-]{subsection.A.14.3}{Municipal}{section.A.14}% 275
\BOOKMARK [3][-]{subsubsection.A.14.3.1}{Lei 351/69}{subsection.A.14.3}% 276
\BOOKMARK [3][-]{subsubsection.A.14.3.2}{Lei 514/77}{subsection.A.14.3}% 277
\BOOKMARK [3][-]{subsubsection.A.14.3.3}{Lei 572/83}{subsection.A.14.3}% 278
\BOOKMARK [3][-]{subsubsection.A.14.3.4}{Lei 864/91}{subsection.A.14.3}% 279
\BOOKMARK [3][-]{subsubsection.A.14.3.5}{Lei 1.441/09}{subsection.A.14.3}% 280
\BOOKMARK [3][-]{subsubsection.A.14.3.6}{Plano Municipal Integrado de Saneamento B\341sico - PLASAN123}{subsection.A.14.3}% 281
\BOOKMARK [3][-]{subsubsection.A.14.3.7}{Plano de Desenvolvimento Tur\355stico Municipal de Monteiro Lobato}{subsection.A.14.3}% 282
\BOOKMARK [1][-]{section.A.15}{Catadores}{appendix.A}% 283
\BOOKMARK [2][-]{subsection.A.15.1}{Estadual}{section.A.15}% 284
\BOOKMARK [3][-]{subsubsection.A.15.1.1}{Decreto 7.405/2010}{subsection.A.15.1}% 285
\BOOKMARK [2][-]{subsection.A.15.2}{Estadual}{section.A.15}% 286
\BOOKMARK [3][-]{subsubsection.A.15.2.1}{Lei n\272 14.731/2012}{subsection.A.15.2}% 287
\BOOKMARK [3][-]{subsubsection.A.15.2.2}{Resolu\347\343o da SMA 88/2013}{subsection.A.15.2}% 288
\BOOKMARK [2][-]{subsection.A.15.3}{Municipal}{section.A.15}% 289
\BOOKMARK [3][-]{subsubsection.A.15.3.1}{Lei 629/86}{subsection.A.15.3}% 290
\BOOKMARK [3][-]{subsubsection.A.15.3.2}{Lei 1.650/2017}{subsection.A.15.3}% 291
\BOOKMARK [3][-]{subsubsection.A.15.3.3}{Decreto 225 \0401979}{subsection.A.15.3}% 292
\BOOKMARK [1][-]{section.A.16}{Cons\363rcios P\372blicos e Cooperativismo}{appendix.A}% 293
\BOOKMARK [2][-]{subsection.A.16.1}{Federal}{section.A.16}% 294
\BOOKMARK [3][-]{subsubsection.A.16.1.1}{Lei 5764/1971}{subsection.A.16.1}% 295
\BOOKMARK [3][-]{subsubsection.A.16.1.2}{Lei 11.107/2005}{subsection.A.16.1}% 296
\BOOKMARK [3][-]{subsubsection.A.16.1.3}{Decreto 6.007/2007}{subsection.A.16.1}% 297
\BOOKMARK [3][-]{subsubsection.A.16.1.4}{Decreto n\272 6.017/2007}{subsection.A.16.1}% 298
\BOOKMARK [2][-]{subsection.A.16.2}{Municipal}{section.A.16}% 299
\BOOKMARK [3][-]{subsubsection.A.16.2.1}{Lei 390/70}{subsection.A.16.2}% 300
\BOOKMARK [3][-]{subsubsection.A.16.2.2}{Lei 1.088/97}{subsection.A.16.2}% 301
\BOOKMARK [3][-]{subsubsection.A.16.2.3}{Lei 1.171/01}{subsection.A.16.2}% 302
\BOOKMARK [3][-]{subsubsection.A.16.2.4}{Lei 1.563/13}{subsection.A.16.2}% 303
\BOOKMARK [3][-]{subsubsection.A.16.2.5}{Decreto 863/2002}{subsection.A.16.2}% 304
\BOOKMARK [1][-]{section.A.17}{Caracteriza\347\343o de Res\355duos}{appendix.A}% 305
\BOOKMARK [2][-]{subsection.A.17.1}{Federal}{section.A.17}% 306
\BOOKMARK [3][-]{subsubsection.A.17.1.1}{NBR 1.298/1993}{subsection.A.17.1}% 307
\BOOKMARK [3][-]{subsubsection.A.17.1.2}{NBR 8.911/1985}{subsection.A.17.1}% 308
\BOOKMARK [3][-]{subsubsection.A.17.1.3}{NBR 10.004/2004}{subsection.A.17.1}% 309
\BOOKMARK [3][-]{subsubsection.A.17.1.4}{NBR 10.005/2004}{subsection.A.17.1}% 310
\BOOKMARK [3][-]{subsubsection.A.17.1.5}{NBR 10.006/2004}{subsection.A.17.1}% 311
\BOOKMARK [3][-]{subsubsection.A.17.1.6}{NBR 10.007/2004}{subsection.A.17.1}% 312
\BOOKMARK [3][-]{subsubsection.A.17.1.7}{NBR 13.227/2017}{subsection.A.17.1}% 313
\BOOKMARK [3][-]{subsubsection.A.17.1.8}{NBR 13.237/2017}{subsection.A.17.1}% 314
\BOOKMARK [3][-]{subsubsection.A.17.1.9}{NBR 13.999/2017}{subsection.A.17.1}% 315
\BOOKMARK [3][-]{subsubsection.A.17.1.10}{NBR 15.051/2004}{subsection.A.17.1}% 316
\BOOKMARK [2][-]{subsection.A.17.2}{Estadual}{section.A.17}% 317
\BOOKMARK [3][-]{subsubsection.A.17.2.1}{Norma Cetesb L5.510/1982}{subsection.A.17.2}% 318
\BOOKMARK [3][-]{subsubsection.A.17.2.2}{SS/SMA/SJDC-SP 1/2004}{subsection.A.17.2}% 319
\BOOKMARK [1][-]{section.A.18}{Tratamento e Armazenamento/Acondicionamento de Res\355duos}{appendix.A}% 320
\BOOKMARK [2][-]{subsection.A.18.1}{Federal}{section.A.18}% 321
\BOOKMARK [3][-]{subsubsection.A.18.1.1}{Resolu\347\343o Conama 01/1986}{subsection.A.18.1}% 322
\BOOKMARK [3][-]{subsubsection.A.18.1.2}{Resolu\347\343o Conama 04/1995}{subsection.A.18.1}% 323
\BOOKMARK [3][-]{subsubsection.A.18.1.3}{Resolu\347\343o Conama 237/1997}{subsection.A.18.1}% 324
\BOOKMARK [3][-]{subsubsection.A.18.1.4}{Resolu\347\343o Conama 264/1999}{subsection.A.18.1}% 325
\BOOKMARK [3][-]{subsubsection.A.18.1.5}{Resolu\347\343o Conama 316/2002}{subsection.A.18.1}% 326
\BOOKMARK [3][-]{subsubsection.A.18.1.6}{Resolu\347\343o Conama 368/2006}{subsection.A.18.1}% 327
\BOOKMARK [3][-]{subsubsection.A.18.1.7}{Resolu\347\343o Conama 404/2008}{subsection.A.18.1}% 328
\BOOKMARK [3][-]{subsubsection.A.18.1.8}{Resolu\347\343o Conama 411/2009}{subsection.A.18.1}% 329
\BOOKMARK [3][-]{subsubsection.A.18.1.9}{Resolu\347\343o Conama 467/2015}{subsection.A.18.1}% 330
\BOOKMARK [3][-]{subsubsection.A.18.1.10}{Resolu\347\343o Conama 474/2016}{subsection.A.18.1}% 331
\BOOKMARK [3][-]{subsubsection.A.18.1.11}{Resolu\347\343o Conama 481/2017}{subsection.A.18.1}% 332
\BOOKMARK [3][-]{subsubsection.A.18.1.12}{NBR 8.418/1984}{subsection.A.18.1}% 333
\BOOKMARK [3][-]{subsubsection.A.18.1.13}{NBR 8.419/1996}{subsection.A.18.1}% 334
\BOOKMARK [3][-]{subsubsection.A.18.1.14}{NBR 9.191/2000}{subsection.A.18.1}% 335
\BOOKMARK [3][-]{subsubsection.A.18.1.15}{NBR 10.157/1987}{subsection.A.18.1}% 336
\BOOKMARK [3][-]{subsubsection.A.18.1.16}{NBR 11.174/1990}{subsection.A.18.1}% 337
\BOOKMARK [3][-]{subsubsection.A.18.1.17}{NBR 11.175/1990}{subsection.A.18.1}% 338
\BOOKMARK [3][-]{subsubsection.A.18.1.18}{NBR 12.235/1992}{subsection.A.18.1}% 339
\BOOKMARK [3][-]{subsubsection.A.18.1.19}{NBR 13.230/2008}{subsection.A.18.1}% 340
\BOOKMARK [3][-]{subsubsection.A.18.1.20}{NBR 13.334/2007}{subsection.A.18.1}% 341
\BOOKMARK [3][-]{subsubsection.A.18.1.21}{NBR 13.591/1996}{subsection.A.18.1}% 342
\BOOKMARK [3][-]{subsubsection.A.18.1.22}{NBR 13.896/1997}{subsection.A.18.1}% 343
\BOOKMARK [3][-]{subsubsection.A.18.1.23}{NBR 13.968/1997}{subsection.A.18.1}% 344
\BOOKMARK [3][-]{subsubsection.A.18.1.24}{NBR 13.999/2017}{subsection.A.18.1}% 345
\BOOKMARK [3][-]{subsubsection.A.18.1.25}{NBR 14.283/1999}{subsection.A.18.1}% 346
\BOOKMARK [3][-]{subsubsection.A.18.1.26}{NBR 14.599/2015}{subsection.A.18.1}% 347
\BOOKMARK [3][-]{subsubsection.A.18.1.27}{NBR 14.719/2001}{subsection.A.18.1}% 348
\BOOKMARK [3][-]{subsubsection.A.18.1.28}{NBR 14.879/2011}{subsection.A.18.1}% 349
\BOOKMARK [3][-]{subsubsection.A.18.1.29}{NBR 14.935/2003}{subsection.A.18.1}% 350
\BOOKMARK [3][-]{subsubsection.A.18.1.30}{NBR 15.051/2004}{subsection.A.18.1}% 351
\BOOKMARK [3][-]{subsubsection.A.18.1.31}{Resolu\347\343o Conama 307/2002}{subsection.A.18.1}% 352
\BOOKMARK [3][-]{subsubsection.A.18.1.32}{NBR 15.112/2004}{subsection.A.18.1}% 353
\BOOKMARK [3][-]{subsubsection.A.18.1.33}{NBR 15.113/2004}{subsection.A.18.1}% 354
\BOOKMARK [3][-]{subsubsection.A.18.1.34}{NBR 15.448/2008}{subsection.A.18.1}% 355
\BOOKMARK [3][-]{subsubsection.A.18.1.35}{NBR 15.849/2010}{subsection.A.18.1}% 356
\BOOKMARK [3][-]{subsubsection.A.18.1.36}{NR 11}{subsection.A.18.1}% 357
\BOOKMARK [3][-]{subsubsection.A.18.1.37}{NR 15}{subsection.A.18.1}% 358
\BOOKMARK [3][-]{subsubsection.A.18.1.38}{NR 17}{subsection.A.18.1}% 359
\BOOKMARK [2][-]{subsection.A.18.2}{Estadual}{section.A.18}% 360
\BOOKMARK [3][-]{subsubsection.A.18.2.1}{Lei n\272 4.435/1984}{subsection.A.18.2}% 361
\BOOKMARK [3][-]{subsubsection.A.18.2.2}{Lei n\272 5.597/1987}{subsection.A.18.2}% 362
\BOOKMARK [3][-]{subsubsection.A.18.2.3}{Lei n\272 10.478/1999}{subsection.A.18.2}% 363
\BOOKMARK [3][-]{subsubsection.A.18.2.4}{Lei n\272 12.047/2005}{subsection.A.18.2}% 364
\BOOKMARK [3][-]{subsubsection.A.18.2.5}{Lei n\272 14.186/2010}{subsection.A.18.2}% 365
\BOOKMARK [3][-]{subsubsection.A.18.2.6}{Lei n\272 14.470/2011}{subsection.A.18.2}% 366
\BOOKMARK [3][-]{subsubsection.A.18.2.7}{Lei n\272 15.276/2014}{subsection.A.18.2}% 367
\BOOKMARK [3][-]{subsubsection.A.18.2.8}{Lei n\272 15.313/2014}{subsection.A.18.2}% 368
\BOOKMARK [3][-]{subsubsection.A.18.2.9}{Lei n\272 15.413/2014}{subsection.A.18.2}% 369
\BOOKMARK [3][-]{subsubsection.A.18.2.10}{Decreto n\272 50.079/1968}{subsection.A.18.2}% 370
\BOOKMARK [3][-]{subsubsection.A.18.2.11}{Decreto n\272 59.113/2013}{subsection.A.18.2}% 371
\BOOKMARK [3][-]{subsubsection.A.18.2.12}{Decreto n\272 60.150/2014}{subsection.A.18.2}% 372
\BOOKMARK [3][-]{subsubsection.A.18.2.13}{Decis\343o Cetesb n\272. 26/2003}{subsection.A.18.2}% 373
\BOOKMARK [3][-]{subsubsection.A.18.2.14}{Decis\343o Cetesb n\272. 27/2008}{subsection.A.18.2}% 374
\BOOKMARK [3][-]{subsubsection.A.18.2.15}{Decis\343o Cetesb n\272. 120/2009}{subsection.A.18.2}% 375
\BOOKMARK [3][-]{subsubsection.A.18.2.16}{Decis\343o Cetesb n\272. 135/2007}{subsection.A.18.2}% 376
\BOOKMARK [3][-]{subsubsection.A.18.2.17}{Decis\343o Cetesb n\272. 145/2010}{subsection.A.18.2}% 377
\BOOKMARK [3][-]{subsubsection.A.18.2.18}{Decis\343o Cetesb n\272. 152/2007}{subsection.A.18.2}% 378
\BOOKMARK [3][-]{subsubsection.A.18.2.19}{Decis\343o Cetesb n\272. 273/2010}{subsection.A.18.2}% 379
\BOOKMARK [3][-]{subsubsection.A.18.2.20}{Decis\343o Cetesb n\272. 388/2010}{subsection.A.18.2}% 380
\BOOKMARK [3][-]{subsubsection.A.18.2.21}{Norma Cetesb O1.012/1985}{subsection.A.18.2}% 381
\BOOKMARK [3][-]{subsubsection.A.18.2.22}{Norma Cetesb L1.022 2007}{subsection.A.18.2}% 382
\BOOKMARK [3][-]{subsubsection.A.18.2.23}{S\351rie de normas Cetesb P4}{subsection.A.18.2}% 383
\BOOKMARK [3][-]{subsubsection.A.18.2.24}{Norma Cetesb P4.231/2006}{subsection.A.18.2}% 384
\BOOKMARK [3][-]{subsubsection.A.18.2.25}{Norma Cetesb P4.241 \(Sem Data\)}{subsection.A.18.2}% 385
\BOOKMARK [3][-]{subsubsection.A.18.2.26}{Norma Cetesb P4.262/2007}{subsection.A.18.2}% 386
\BOOKMARK [3][-]{subsubsection.A.18.2.27}{Norma Cetesb P4.263/2003}{subsection.A.18.2}% 387
\BOOKMARK [3][-]{subsubsection.A.18.2.28}{Norma Cetesb L10.101/1988}{subsection.A.18.2}% 388
\BOOKMARK [3][-]{subsubsection.A.18.2.29}{Norma Cetesb E15.010/2011}{subsection.A.18.2}% 389
\BOOKMARK [3][-]{subsubsection.A.18.2.30}{Norma Cetesb E15.011/2007}{subsection.A.18.2}% 390
\BOOKMARK [3][-]{subsubsection.A.18.2.31}{Portaria SMA-SP CVS n\272 21/2008}{subsection.A.18.2}% 391
\BOOKMARK [3][-]{subsubsection.A.18.2.32}{Resolu\347\343o da SMA-SP 15/2017}{subsection.A.18.2}% 392
\BOOKMARK [3][-]{subsubsection.A.18.2.33}{Resolu\347\343o da SMA-SP 22/2007}{subsection.A.18.2}% 393
\BOOKMARK [3][-]{subsubsection.A.18.2.34}{Resolu\347\343o da SMA 33/2005}{subsection.A.18.2}% 394
\BOOKMARK [3][-]{subsubsection.A.18.2.35}{Resolu\347\343o da SMA 36/2012}{subsection.A.18.2}% 395
\BOOKMARK [3][-]{subsubsection.A.18.2.36}{Resolu\347\343o da SMA 38/2011}{subsection.A.18.2}% 396
\BOOKMARK [3][-]{subsubsection.A.18.2.37}{Resolu\347\343o da SMA 43/2013}{subsection.A.18.2}% 397
\BOOKMARK [3][-]{subsubsection.A.18.2.38}{Resolu\347\343o SSE/SMA 49/2007}{subsection.A.18.2}% 398
\BOOKMARK [3][-]{subsubsection.A.18.2.39}{Resolu\347\343o da SMA 75/2008}{subsection.A.18.2}% 399
\BOOKMARK [3][-]{subsubsection.A.18.2.40}{Resolu\347\343o da SMA 79/2009}{subsection.A.18.2}% 400
\BOOKMARK [3][-]{subsubsection.A.18.2.41}{Resolu\347\343o da SMA 81/2014}{subsection.A.18.2}% 401
\BOOKMARK [3][-]{subsubsection.A.18.2.42}{Resolu\347\343o da SMA 102/2012}{subsection.A.18.2}% 402
\BOOKMARK [3][-]{subsubsection.A.18.2.43}{Resolu\347\343o da SMA 115/2013}{subsection.A.18.2}% 403
\BOOKMARK [2][-]{subsection.A.18.3}{Municipal}{section.A.18}% 404
\BOOKMARK [3][-]{subsubsection.A.18.3.1}{Lei Org\342nica \(Resolu\347\343o 1/2007\)}{subsection.A.18.3}% 405
\BOOKMARK [3][-]{subsubsection.A.18.3.2}{Lei Org\342nica do Munic\355pio de Monteiro Lobato. Promulgada em 1990 e atualizada em 2007.}{subsection.A.18.3}% 406
\BOOKMARK [3][-]{subsubsection.A.18.3.3}{Lei 865/91}{subsection.A.18.3}% 407
\BOOKMARK [3][-]{subsubsection.A.18.3.4}{Lei 1.104/98}{subsection.A.18.3}% 408
\BOOKMARK [3][-]{subsubsection.A.18.3.5}{Lei 1.417/09}{subsection.A.18.3}% 409
\BOOKMARK [3][-]{subsubsection.A.18.3.6}{Decreto 99/1974}{subsection.A.18.3}% 410
\BOOKMARK [1][-]{section.A.19}{Transporte e Coleta de Res\355duos}{appendix.A}% 411
\BOOKMARK [2][-]{subsection.A.19.1}{Federal}{section.A.19}% 412
\BOOKMARK [3][-]{subsubsection.A.19.1.1}{Lei 7802/1989}{subsection.A.19.1}% 413
\BOOKMARK [3][-]{subsubsection.A.19.1.2}{NBR 13.221/2010}{subsection.A.19.1}% 414
\BOOKMARK [3][-]{subsubsection.A.19.1.3}{NBR 14.652/2013}{subsection.A.19.1}% 415
\BOOKMARK [3][-]{subsubsection.A.19.1.4}{NBR 13.968/1997}{subsection.A.19.1}% 416
\BOOKMARK [3][-]{subsubsection.A.19.1.5}{ABNT NBR 15051/2004}{subsection.A.19.1}% 417
\BOOKMARK [3][-]{subsubsection.A.19.1.6}{NBR 15.833/2010}{subsection.A.19.1}% 418
\BOOKMARK [3][-]{subsubsection.A.19.1.7}{NBR 13.332/2010}{subsection.A.19.1}% 419
\BOOKMARK [3][-]{subsubsection.A.19.1.8}{NBR 13.334/2007}{subsection.A.19.1}% 420
\BOOKMARK [3][-]{subsubsection.A.19.1.9}{NBR 13.463/1995}{subsection.A.19.1}% 421
\BOOKMARK [3][-]{subsubsection.A.19.1.10}{NBR 14.599/2015}{subsection.A.19.1}% 422
\BOOKMARK [3][-]{subsubsection.A.19.1.11}{NBR 14.652/2013}{subsection.A.19.1}% 423
\BOOKMARK [3][-]{subsubsection.A.19.1.12}{NBR 14.879/2011}{subsection.A.19.1}% 424
\BOOKMARK [3][-]{subsubsection.A.19.1.13}{NBR 15.911/2011}{subsection.A.19.1}% 425
\BOOKMARK [3][-]{subsubsection.A.19.1.14}{NR 11}{subsection.A.19.1}% 426
\BOOKMARK [3][-]{subsubsection.A.19.1.15}{NR 15}{subsection.A.19.1}% 427
\BOOKMARK [3][-]{subsubsection.A.19.1.16}{NR 21}{subsection.A.19.1}% 428
\BOOKMARK [3][-]{subsubsection.A.19.1.17}{Resolu\347\343o Conama 275/2001}{subsection.A.19.1}% 429
\BOOKMARK [2][-]{subsection.A.19.2}{Estadual}{section.A.19}% 430
\BOOKMARK [3][-]{subsubsection.A.19.2.1}{Lei n\272. 2.252/1979}{subsection.A.19.2}% 431
\BOOKMARK [3][-]{subsubsection.A.19.2.2}{Lei 6374/1989}{subsection.A.19.2}% 432
\BOOKMARK [3][-]{subsubsection.A.19.2.3}{Lei n\272 7.452/1991}{subsection.A.19.2}% 433
\BOOKMARK [3][-]{subsubsection.A.19.2.4}{Lei n\272 9.338/1996}{subsection.A.19.2}% 434
\BOOKMARK [3][-]{subsubsection.A.19.2.5}{Lei n\272 9.532/1997}{subsection.A.19.2}% 435
\BOOKMARK [3][-]{subsubsection.A.19.2.6}{Lei n\272 10.306/1999}{subsection.A.19.2}% 436
\BOOKMARK [3][-]{subsubsection.A.19.2.7}{Lei n\272 10.503/2000}{subsection.A.19.2}% 437
\BOOKMARK [3][-]{subsubsection.A.19.2.8}{Lei n\272 10.856/2001}{subsection.A.19.2}% 438
\BOOKMARK [3][-]{subsubsection.A.19.2.9}{Lei 12.528/07}{subsection.A.19.2}% 439
\BOOKMARK [3][-]{subsubsection.A.19.2.10}{Lei n\272 14.186/2010}{subsection.A.19.2}% 440
\BOOKMARK [2][-]{subsection.A.19.3}{Municipal}{section.A.19}% 441
\BOOKMARK [3][-]{subsubsection.A.19.3.1}{Lei Org\342nica \(Resolu\347\343o 1/2007\). Promulgada em 1990}{subsection.A.19.3}% 442
\BOOKMARK [1][-]{section.A.20}{Educa\347\343o Ambiental}{appendix.A}% 443
\BOOKMARK [2][-]{subsection.A.20.1}{Federal}{section.A.20}% 444
\BOOKMARK [3][-]{subsubsection.A.20.1.1}{Lei 9.795/1999}{subsection.A.20.1}% 445
\BOOKMARK [3][-]{subsubsection.A.20.1.2}{Decreto 4.281/2002}{subsection.A.20.1}% 446
\BOOKMARK [3][-]{subsubsection.A.20.1.3}{Portaria Ministerial: 169/ 2012}{subsection.A.20.1}% 447
\BOOKMARK [3][-]{subsubsection.A.20.1.4}{Resolu\347\343o Conama 2/2012}{subsection.A.20.1}% 448
\BOOKMARK [3][-]{subsubsection.A.20.1.5}{Resolu\347\343o Conama 422/2010}{subsection.A.20.1}% 449
\BOOKMARK [3][-]{subsubsection.A.20.1.6}{Instru\347\343o Normativa do IBAMA 2/2012}{subsection.A.20.1}% 450
\BOOKMARK [3][-]{subsubsection.A.20.1.7}{Pol\355tica Nacional de Educa\347\343o Ambiental 9.795/99}{subsection.A.20.1}% 451
\BOOKMARK [3][-]{subsubsection.A.20.1.8}{Proposta de Diretrizes Curriculares Nacionais para a Educa\347\343o Ambiental \205 MEC}{subsection.A.20.1}% 452
\BOOKMARK [3][-]{subsubsection.A.20.1.9}{Programas}{subsection.A.20.1}% 453
\BOOKMARK [3][-]{subsubsection.A.20.1.10}{Programa Nacional de Educa\347\343o Ambiental \(PRONEA\)}{subsection.A.20.1}% 454
\BOOKMARK [3][-]{subsubsection.A.20.1.11}{Programa Munic\355pios Educadores Sustent\341veis \(MES\)}{subsection.A.20.1}% 455
\BOOKMARK [2][-]{subsection.A.20.2}{Estadual}{section.A.20}% 456
\BOOKMARK [3][-]{subsubsection.A.20.2.1}{Lei n\272 9.338/1996}{subsection.A.20.2}% 457
\BOOKMARK [3][-]{subsubsection.A.20.2.2}{Lei n\272 9.532/1997}{subsection.A.20.2}% 458
\BOOKMARK [3][-]{subsubsection.A.20.2.3}{Lei n\272 10.306/1999}{subsection.A.20.2}% 459
\BOOKMARK [3][-]{subsubsection.A.20.2.4}{Lei n\272 10.522/2000}{subsection.A.20.2}% 460
\BOOKMARK [3][-]{subsubsection.A.20.2.5}{Lei n\272 10.856/2001}{subsection.A.20.2}% 461
\BOOKMARK [3][-]{subsubsection.A.20.2.6}{Pol\355tica Estadual de Educa\347\343o Ambiental - Lei 12.780/2007}{subsection.A.20.2}% 462
\BOOKMARK [3][-]{subsubsection.A.20.2.7}{Resolu\347\343o da SMA 115/2013}{subsection.A.20.2}% 463
\BOOKMARK [2][-]{subsection.A.20.3}{Municipal}{section.A.20}% 464
\BOOKMARK [3][-]{subsubsection.A.20.3.1}{Lei Org\342nica \(Resolu\347\343o 1/2007\)}{subsection.A.20.3}% 465
\BOOKMARK [3][-]{subsubsection.A.20.3.2}{Projeto de lei}{subsection.A.20.3}% 466
\BOOKMARK [3][-]{subsubsection.A.20.3.3}{Lei 486/75}{subsection.A.20.3}% 467
\BOOKMARK [3][-]{subsubsection.A.20.3.4}{Lei 571/83}{subsection.A.20.3}% 468
\BOOKMARK [3][-]{subsubsection.A.20.3.5}{Lei 629/86}{subsection.A.20.3}% 469
\BOOKMARK [3][-]{subsubsection.A.20.3.6}{Lei 1.068/97}{subsection.A.20.3}% 470
\BOOKMARK [3][-]{subsubsection.A.20.3.7}{Decreto 87/1973}{subsection.A.20.3}% 471
\BOOKMARK [3][-]{subsubsection.A.20.3.8}{Decreto 863/2002}{subsection.A.20.3}% 472
\BOOKMARK [1][-]{section.A.21}{Conserva\347\343o da Qualidade Ambiental}{appendix.A}% 473
\BOOKMARK [2][-]{subsection.A.21.1}{Federal}{section.A.21}% 474
\BOOKMARK [3][-]{subsubsection.A.21.1.1}{Constitui\347\343o Federal de 1988}{subsection.A.21.1}% 475
\BOOKMARK [3][-]{subsubsection.A.21.1.2}{Lei 6803/1980}{subsection.A.21.1}% 476
\BOOKMARK [3][-]{subsubsection.A.21.1.3}{Lei 9433/1997}{subsection.A.21.1}% 477
\BOOKMARK [3][-]{subsubsection.A.21.1.4}{Lei 9985/2000}{subsection.A.21.1}% 478
\BOOKMARK [3][-]{subsubsection.A.21.1.5}{10.257/2001}{subsection.A.21.1}% 479
\BOOKMARK [3][-]{subsubsection.A.21.1.6}{Lei 12.651/2012}{subsection.A.21.1}% 480
\BOOKMARK [3][-]{subsubsection.A.21.1.7}{Lei 12.725/2012}{subsection.A.21.1}% 481
\BOOKMARK [3][-]{subsubsection.A.21.1.8}{Resolu\347\343o Conama 357/2005}{subsection.A.21.1}% 482
\BOOKMARK [3][-]{subsubsection.A.21.1.9}{Resolu\347\343o Conama 417/2009}{subsection.A.21.1}% 483
\BOOKMARK [3][-]{subsubsection.A.21.1.10}{Resolu\347\343o Conama 423/2010}{subsection.A.21.1}% 484
\BOOKMARK [3][-]{subsubsection.A.21.1.11}{Resolu\347\343o 430/2011}{subsection.A.21.1}% 485
\BOOKMARK [3][-]{subsubsection.A.21.1.12}{Resolu\347\343o Conama 460/2013}{subsection.A.21.1}% 486
\BOOKMARK [3][-]{subsubsection.A.21.1.13}{Resolu\347\343o 463/2014}{subsection.A.21.1}% 487
\BOOKMARK [3][-]{subsubsection.A.21.1.14}{Resolu\347\343o Conama 473/2015}{subsection.A.21.1}% 488
\BOOKMARK [3][-]{subsubsection.A.21.1.15}{NBR 8.834/1996}{subsection.A.21.1}% 489
\BOOKMARK [3][-]{subsubsection.A.21.1.16}{NBR 14.725/2014}{subsection.A.21.1}% 490
\BOOKMARK [3][-]{subsubsection.A.21.1.17}{Pol\355tica Nacional de Meio Ambiente Lei 6.938/81}{subsection.A.21.1}% 491
\BOOKMARK [2][-]{subsection.A.21.2}{Estadual}{section.A.21}% 492
\BOOKMARK [3][-]{subsubsection.A.21.2.1}{Lei n\272 997/1976}{subsection.A.21.2}% 493
\BOOKMARK [3][-]{subsubsection.A.21.2.2}{Lei n\272 6.134/1988}{subsection.A.21.2}% 494
\BOOKMARK [3][-]{subsubsection.A.21.2.3}{Lei n\272 7.663/1991}{subsection.A.21.2}% 495
\BOOKMARK [3][-]{subsubsection.A.21.2.4}{Lei n\272 9.146/1995}{subsection.A.21.2}% 496
\BOOKMARK [3][-]{subsubsection.A.21.2.5}{Lei 9866/1997}{subsection.A.21.2}% 497
\BOOKMARK [3][-]{subsubsection.A.21.2.6}{Lei n\272 11.220/2002}{subsection.A.21.2}% 498
\BOOKMARK [3][-]{subsubsection.A.21.2.7}{Lei 11160/2002}{subsection.A.21.2}% 499
\BOOKMARK [3][-]{subsubsection.A.21.2.8}{Lei n\272 11.165/2002}{subsection.A.21.2}% 500
\BOOKMARK [3][-]{subsubsection.A.21.2.9}{Lei n\272 13.577/2009}{subsection.A.21.2}% 501
\BOOKMARK [3][-]{subsubsection.A.21.2.10}{Decreto n\272 8.468/1976}{subsection.A.21.2}% 502
\BOOKMARK [3][-]{subsubsection.A.21.2.11}{Decreto n\272 45.643/2001}{subsection.A.21.2}% 503
\BOOKMARK [3][-]{subsubsection.A.21.2.12}{Decreto n\272 47.397/2002}{subsection.A.21.2}% 504
\BOOKMARK [3][-]{subsubsection.A.21.2.13}{Decreto n\272 47.400/2002}{subsection.A.21.2}% 505
\BOOKMARK [3][-]{subsubsection.A.21.2.14}{Decreto n\272 59.263/2013}{subsection.A.21.2}% 506
\BOOKMARK [3][-]{subsubsection.A.21.2.15}{Decis\343o de Diretoria no 103/2007}{subsection.A.21.2}% 507
\BOOKMARK [3][-]{subsubsection.A.21.2.16}{Norma Cetesb L1.022/2007}{subsection.A.21.2}% 508
\BOOKMARK [3][-]{subsubsection.A.21.2.17}{Resolu\347\343o da SMA 36/2012}{subsection.A.21.2}% 509
\BOOKMARK [3][-]{subsubsection.A.21.2.18}{Resolu\347\343o da SMA 38/2011}{subsection.A.21.2}% 510
\BOOKMARK [3][-]{subsubsection.A.21.2.19}{Resolu\347\343o da SMA 43/2013}{subsection.A.21.2}% 511
\BOOKMARK [2][-]{subsection.A.21.3}{Municipal}{section.A.21}% 512
\BOOKMARK [3][-]{subsubsection.A.21.3.1}{Lei Org\342nica do Munic\355pio de Monteiro Lobato.}{subsection.A.21.3}% 513
\BOOKMARK [3][-]{subsubsection.A.21.3.2}{Art. 179}{subsection.A.21.3}% 514
\BOOKMARK [3][-]{subsubsection.A.21.3.3}{Art. 172}{subsection.A.21.3}% 515
\BOOKMARK [3][-]{subsubsection.A.21.3.4}{Lei 765/89}{subsection.A.21.3}% 516
\BOOKMARK [3][-]{subsubsection.A.21.3.5}{Lei 781/89}{subsection.A.21.3}% 517
\BOOKMARK [3][-]{subsubsection.A.21.3.6}{Lei 1.009/94}{subsection.A.21.3}% 518
\BOOKMARK [3][-]{subsubsection.A.21.3.7}{Lei 1.277/04}{subsection.A.21.3}% 519
\BOOKMARK [3][-]{subsubsection.A.21.3.8}{Lei 1.442/09}{subsection.A.21.3}% 520
\BOOKMARK [3][-]{subsubsection.A.21.3.9}{Lei 1.479/10}{subsection.A.21.3}% 521
\BOOKMARK [3][-]{subsubsection.A.21.3.10}{Decreto 508/1989}{subsection.A.21.3}% 522
\BOOKMARK [3][-]{subsubsection.A.21.3.11}{Decreto 518/1989}{subsection.A.21.3}% 523
\BOOKMARK [3][-]{subsubsection.A.21.3.12}{Decreto 555/1990}{subsection.A.21.3}% 524
\BOOKMARK [3][-]{subsubsection.A.21.3.13}{Decreto 863/2002}{subsection.A.21.3}% 525
\BOOKMARK [3][-]{subsubsection.A.21.3.14}{Decreto 1.397/2013}{subsection.A.21.3}% 526
\BOOKMARK [1][-]{section.A.22}{Seguran\347a Pessoal}{appendix.A}% 527
\BOOKMARK [2][-]{subsection.A.22.1}{Federal}{section.A.22}% 528
\BOOKMARK [3][-]{subsubsection.A.22.1.1}{NR 6}{subsection.A.22.1}% 529
\BOOKMARK [3][-]{subsubsection.A.22.1.2}{NR 12}{subsection.A.22.1}% 530
\BOOKMARK [3][-]{subsubsection.A.22.1.3}{NR 16}{subsection.A.22.1}% 531
\BOOKMARK [3][-]{subsubsection.A.22.1.4}{NR 17}{subsection.A.22.1}% 532
\BOOKMARK [3][-]{subsubsection.A.22.1.5}{ ABNT NBR 9735/2017}{subsection.A.22.1}% 533
\BOOKMARK [3][-]{subsubsection.A.22.1.6}{ ABNT NBR 16248/2013}{subsection.A.22.1}% 534
\BOOKMARK [3][-]{subsubsection.A.22.1.7}{ ABNT NBR 16249/2013}{subsection.A.22.1}% 535
\BOOKMARK [3][-]{subsubsection.A.22.1.8}{ABNT NBR 15051/2004}{subsection.A.22.1}% 536
\BOOKMARK [1][-]{section.A.23}{Financiamento, Cr\351dito, Facilita\347\343o ou Conv\352nios}{appendix.A}% 537
\BOOKMARK [2][-]{subsection.A.23.1}{Federal}{section.A.23}% 538
\BOOKMARK [3][-]{subsubsection.A.23.1.1}{Decreto 7.619/2011}{subsection.A.23.1}% 539
\BOOKMARK [2][-]{subsection.A.23.2}{Estadual}{section.A.23}% 540
\BOOKMARK [3][-]{subsubsection.A.23.2.1}{Lei n\272 16.260/2016}{subsection.A.23.2}% 541
\BOOKMARK [3][-]{subsubsection.A.23.2.2}{Decreto n\272 57.479/2011}{subsection.A.23.2}% 542
\BOOKMARK [3][-]{subsubsection.A.23.2.3}{Decreto n\272 59.260/2013}{subsection.A.23.2}% 543
\BOOKMARK [3][-]{subsubsection.A.23.2.4}{Decreto n\272 60.298/2014}{subsection.A.23.2}% 544
\BOOKMARK [2][-]{subsection.A.23.3}{Municipal}{section.A.23}% 545
\BOOKMARK [3][-]{subsubsection.A.23.3.1}{Lei 351/69}{subsection.A.23.3}% 546
\BOOKMARK [3][-]{subsubsection.A.23.3.2}{Lei 435/73}{subsection.A.23.3}% 547
\BOOKMARK [3][-]{subsubsection.A.23.3.3}{Lei 486/75}{subsection.A.23.3}% 548
\BOOKMARK [3][-]{subsubsection.A.23.3.4}{Lei 572/83}{subsection.A.23.3}% 549
\BOOKMARK [3][-]{subsubsection.A.23.3.5}{Lei 629/86}{subsection.A.23.3}% 550
\BOOKMARK [3][-]{subsubsection.A.23.3.6}{Lei 1.078/97}{subsection.A.23.3}% 551
\BOOKMARK [3][-]{subsubsection.A.23.3.7}{Lei 1.277/04}{subsection.A.23.3}% 552
\BOOKMARK [3][-]{subsubsection.A.23.3.8}{Lei 1.291/05}{subsection.A.23.3}% 553
\BOOKMARK [3][-]{subsubsection.A.23.3.9}{Lei 1.441/09}{subsection.A.23.3}% 554
\BOOKMARK [3][-]{subsubsection.A.23.3.10}{Lei 1.479/10}{subsection.A.23.3}% 555
\BOOKMARK [3][-]{subsubsection.A.23.3.11}{Decreto 968/2006}{subsection.A.23.3}% 556
\BOOKMARK [3][-]{subsubsection.A.23.3.12}{Decreto 1.397/2013}{subsection.A.23.3}% 557
\BOOKMARK [1][-]{section.A.24}{Requisitos Gerais}{appendix.A}% 558
\BOOKMARK [2][-]{subsection.A.24.1}{Federal}{section.A.24}% 559
\BOOKMARK [3][-]{subsubsection.A.24.1.1}{Lei 6766/1979}{subsection.A.24.1}% 560
\BOOKMARK [3][-]{subsubsection.A.24.1.2}{Lei 8666/1993}{subsection.A.24.1}% 561
\BOOKMARK [3][-]{subsubsection.A.24.1.3}{Lei 12.305/2010}{subsection.A.24.1}% 562
\BOOKMARK [3][-]{subsubsection.A.24.1.4}{Decreto 7.390/2010}{subsection.A.24.1}% 563
\BOOKMARK [3][-]{subsubsection.A.24.1.5}{Decreto 7.404/2010}{subsection.A.24.1}% 564
\BOOKMARK [3][-]{subsubsection.A.24.1.6}{Resolu\347\343o Conama 313/2002}{subsection.A.24.1}% 565
\BOOKMARK [3][-]{subsubsection.A.24.1.7}{Resolu\347\343o Conama 330/2003}{subsection.A.24.1}% 566
\BOOKMARK [3][-]{subsubsection.A.24.1.8}{Recomenda\347\343o 12/2008}{subsection.A.24.1}% 567
\BOOKMARK [3][-]{subsubsection.A.24.1.9}{NR 24}{subsection.A.24.1}% 568
\BOOKMARK [3][-]{subsubsection.A.24.1.10}{NR 26}{subsection.A.24.1}% 569
\BOOKMARK [3][-]{subsubsection.A.24.1.11}{IN do IBAMA 13/2012}{subsection.A.24.1}% 570
\BOOKMARK [3][-]{subsubsection.A.24.1.12}{IN do IBAMA 06/2013}{subsection.A.24.1}% 571
\BOOKMARK [3][-]{subsubsection.A.24.1.13}{IN do IBAMA 18/2014}{subsection.A.24.1}% 572
\BOOKMARK [3][-]{subsubsection.A.24.1.14}{IN do IBAMA 12/2013}{subsection.A.24.1}% 573
\BOOKMARK [3][-]{subsubsection.A.24.1.15}{IN do IBAMA 06/2014}{subsection.A.24.1}% 574
\BOOKMARK [3][-]{subsubsection.A.24.1.16}{IN do IBAMA 34/2008}{subsection.A.24.1}% 575
\BOOKMARK [3][-]{subsubsection.A.24.1.17}{Plano Nacional de Res\355duos S\363lidos}{subsection.A.24.1}% 576
\BOOKMARK [3][-]{subsubsection.A.24.1.18}{Pol\355tica Nacional sobre Mudan\347a do Clima Lei 12.187/09}{subsection.A.24.1}% 577
\BOOKMARK [3][-]{subsubsection.A.24.1.19}{Manuais}{subsection.A.24.1}% 578
\BOOKMARK [2][-]{subsection.A.24.2}{Estadual}{section.A.24}% 579
\BOOKMARK [3][-]{subsubsection.A.24.2.1}{Constitui\347\343o Estadual}{subsection.A.24.2}% 580
\BOOKMARK [3][-]{subsubsection.A.24.2.2}{Lei n\272 118/1973}{subsection.A.24.2}% 581
\BOOKMARK [3][-]{subsubsection.A.24.2.3}{Lei n\272 119/1973}{subsection.A.24.2}% 582
\BOOKMARK [3][-]{subsubsection.A.24.2.4}{Lei n\272 4.882/1985}{subsection.A.24.2}% 583
\BOOKMARK [3][-]{subsubsection.A.24.2.5}{Lei n\272 7.750/1992}{subsection.A.24.2}% 584
\BOOKMARK [3][-]{subsubsection.A.24.2.6}{Lei n\272 8.275/1993}{subsection.A.24.2}% 585
\BOOKMARK [3][-]{subsubsection.A.24.2.7}{Lei n\272 8.794/1994}{subsection.A.24.2}% 586
\BOOKMARK [3][-]{subsubsection.A.24.2.8}{Lei n\272 10.083/1998}{subsection.A.24.2}% 587
\BOOKMARK [3][-]{subsubsection.A.24.2.9}{Lei n\272 11.364/2003}{subsection.A.24.2}% 588
\BOOKMARK [3][-]{subsubsection.A.24.2.10}{Lei 11.387/2003}{subsection.A.24.2}% 589
\BOOKMARK [3][-]{subsubsection.A.24.2.11}{Lei n\272 13.507/2009}{subsection.A.24.2}% 590
\BOOKMARK [3][-]{subsubsection.A.24.2.12}{Decreto n\272 20.903/1983}{subsection.A.24.2}% 591
\BOOKMARK [3][-]{subsubsection.A.24.2.13}{Decreto n\272 47.400/2002}{subsection.A.24.2}% 592
\BOOKMARK [3][-]{subsubsection.A.24.2.14}{Decreto 52.455/2007}{subsection.A.24.2}% 593
\BOOKMARK [3][-]{subsubsection.A.24.2.15}{Decreto 54.645/2009}{subsection.A.24.2}% 594
\BOOKMARK [3][-]{subsubsection.A.24.2.16}{Decreto n\272 55.947/2010}{subsection.A.24.2}% 595
\BOOKMARK [3][-]{subsubsection.A.24.2.17}{Decreto 57.071/2011}{subsection.A.24.2}% 596
\BOOKMARK [3][-]{subsubsection.A.24.2.18}{Decreto n\272 58.107/2012}{subsection.A.24.2}% 597
\BOOKMARK [3][-]{subsubsection.A.24.2.19}{Decreto n\272 60.520/2014}{subsection.A.24.2}% 598
\BOOKMARK [3][-]{subsubsection.A.24.2.20}{Plano de Res\355duos S\363lidos do estado de S\343o Paulo}{subsection.A.24.2}% 599
\BOOKMARK [3][-]{subsubsection.A.24.2.21}{Pol\355tica Estadual de Meio Ambiente Lei n\272 9.509/1997}{subsection.A.24.2}% 600
\BOOKMARK [3][-]{subsubsection.A.24.2.22}{Pol\355tica Estadual de Res\355duos S\363lidos \(PERS\) Lei 12.300/2006}{subsection.A.24.2}% 601
\BOOKMARK [3][-]{subsubsection.A.24.2.23}{Pol\355tica Estadual de Mudan\347as Clim\341ticas Lei n\272 13.798/2009}{subsection.A.24.2}% 602
\BOOKMARK [3][-]{subsubsection.A.24.2.24}{Portaria SMA CVS n\272 4/2011}{subsection.A.24.2}% 603
\BOOKMARK [3][-]{subsubsection.A.24.2.25}{Resolu\347\343o da SMA 15/2017}{subsection.A.24.2}% 604
\BOOKMARK [3][-]{subsubsection.A.24.2.26}{Resolu\347\343o da SMA 24/2016}{subsection.A.24.2}% 605
\BOOKMARK [3][-]{subsubsection.A.24.2.27}{Resolu\347\343o da SMA 28/2016}{subsection.A.24.2}% 606
\BOOKMARK [3][-]{subsubsection.A.24.2.28}{Resolu\347\343o da SMA 65/2016}{subsection.A.24.2}% 607
\BOOKMARK [3][-]{subsubsection.A.24.2.29}{Resolu\347\343o da SMA 91/2014}{subsection.A.24.2}% 608
\BOOKMARK [2][-]{subsection.A.24.3}{Municipal}{section.A.24}% 609
\BOOKMARK [3][-]{subsubsection.A.24.3.1}{Lei Org\342nica do Munic\355pio de Monteiro Lobato. Promulgada em 1990 e atualizada em 2007}{subsection.A.24.3}% 610
\BOOKMARK [3][-]{subsubsection.A.24.3.2}{Art. 179}{subsection.A.24.3}% 611
\BOOKMARK [3][-]{subsubsection.A.24.3.3}{Art. 98}{subsection.A.24.3}% 612
\BOOKMARK [3][-]{subsubsection.A.24.3.4}{Lei 629/86}{subsection.A.24.3}% 613
\BOOKMARK [3][-]{subsubsection.A.24.3.5}{Lei 716/88}{subsection.A.24.3}% 614
\BOOKMARK [3][-]{subsubsection.A.24.3.6}{Lei 1.145/00}{subsection.A.24.3}% 615
\BOOKMARK [3][-]{subsubsection.A.24.3.7}{Lei 1.291/05}{subsection.A.24.3}% 616
\BOOKMARK [3][-]{subsubsection.A.24.3.8}{Lei 1.443/09}{subsection.A.24.3}% 617
\BOOKMARK [3][-]{subsubsection.A.24.3.9}{Lei 1.445/09}{subsection.A.24.3}% 618
\BOOKMARK [3][-]{subsubsection.A.24.3.10}{Lei 1.446/09}{subsection.A.24.3}% 619
\BOOKMARK [3][-]{subsubsection.A.24.3.11}{Lei 1.454/09}{subsection.A.24.3}% 620
\BOOKMARK [3][-]{subsubsection.A.24.3.12}{Lei 1.496/11}{subsection.A.24.3}% 621
\BOOKMARK [3][-]{subsubsection.A.24.3.13}{Lei 1.650/2017}{subsection.A.24.3}% 622
\BOOKMARK [3][-]{subsubsection.A.24.3.14}{Lei 7/16}{subsection.A.24.3}% 623
\BOOKMARK [3][-]{subsubsection.A.24.3.15}{Decreto 225/1979}{subsection.A.24.3}% 624
\BOOKMARK [3][-]{subsubsection.A.24.3.16}{Decreto 508/1989}{subsection.A.24.3}% 625
\BOOKMARK [3][-]{subsubsection.A.24.3.17}{Decreto 518/1989}{subsection.A.24.3}% 626
\BOOKMARK [3][-]{subsubsection.A.24.3.18}{Decreto 555/1990}{subsection.A.24.3}% 627
\BOOKMARK [3][-]{subsubsection.A.24.3.19}{Decreto 833/2001}{subsection.A.24.3}% 628
\BOOKMARK [3][-]{subsubsection.A.24.3.20}{Plano Municipal Integrado de Saneamento B\341sico - PLASAN123}{subsection.A.24.3}% 629
\BOOKMARK [3][-]{subsubsection.A.24.3.21}{Plano de Desenvolvimento Tur\355stico Municipal de Monteiro Lobato}{subsection.A.24.3}% 630
\BOOKMARK [0][-]{appendix.anexochapback.1}{Defini\347\343o da estrat\351gia de mobiliza\347\343o e participa\347\343o social}{}% 631
\BOOKMARK [1][-]{section.anexochapback.1.1}{Mobiliza\347\343o Social}{appendix.anexochapback.1}% 632
\BOOKMARK [1][-]{section.anexochapback.1.2}{Metodologia}{appendix.anexochapback.1}% 633
\BOOKMARK [1][-]{section.anexochapback.1.3}{Diagn\363stico e di\341logo inicial}{appendix.anexochapback.1}% 634
\BOOKMARK [2][-]{subsection.anexochapback.1.3.1}{Morador tradicional}{section.anexochapback.1.3}% 635
\BOOKMARK [2][-]{subsection.anexochapback.1.3.2}{Morador de \341reas rurais}{section.anexochapback.1.3}% 636
\BOOKMARK [2][-]{subsection.anexochapback.1.3.3}{Novo morador}{section.anexochapback.1.3}% 637
\BOOKMARK [2][-]{subsection.anexochapback.1.3.4}{Morador jovem}{section.anexochapback.1.3}% 638
\BOOKMARK [1][-]{section.anexochapback.1.4}{Estrat\351gias adotadas anteriormente pelo munic\355pio}{appendix.anexochapback.1}% 639
\BOOKMARK [1][-]{section.anexochapback.1.5}{Estrat\351gias propostas}{appendix.anexochapback.1}% 640
\BOOKMARK [2][-]{subsection.anexochapback.1.5.1}{Morador tradicional}{section.anexochapback.1.5}% 641
\BOOKMARK [2][-]{subsection.anexochapback.1.5.2}{Morador de \341reas rurais}{section.anexochapback.1.5}% 642
\BOOKMARK [2][-]{subsection.anexochapback.1.5.3}{Turistas e visitantes}{section.anexochapback.1.5}% 643
\BOOKMARK [2][-]{subsection.anexochapback.1.5.4}{Morador jovem}{section.anexochapback.1.5}% 644
\BOOKMARK [1][-]{section.anexochapback.1.6}{Oficina para a apresenta\347\343o do diagn\363stico e discuss\365es acerca da realiza\347\343o do progn\363stico}{appendix.anexochapback.1}% 645
\BOOKMARK [2][-]{subsection.anexochapback.1.6.1}{Metodologia}{section.anexochapback.1.6}% 646
