This is pdfTeX, Version 3.14159265-2.6-1.40.19 (MiKTeX 2.9.6840 64-bit) (preloaded format=pdflatex 2018.11.3)  17 JUL 2019 16:56
entering extended mode
**./main.tex
(main.tex
LaTeX2e <2018-04-01> patch level 5
(pmgirs.cls
("C:\Users\Lucas\AppData\Local\Programs\MiKTeX 2.9\tex\latex\memoir\memoir.cls"
Document Class: memoir 2018/12/12 v3.7h configurable book, report, article docu
ment class
\onelineskip=\skip41
\lxvchars=\skip42
\xlvchars=\skip43
\@memcnta=\count80
\c@@memmarkcntra=\count81

("C:\Users\Lucas\AppData\Local\Programs\MiKTeX 2.9\tex\generic\oberdiek\ifpdf.s
ty"
Package: ifpdf 2018/09/07 v3.3 Provides the ifpdf switch
)
("C:\Users\Lucas\AppData\Local\Programs\MiKTeX 2.9\tex\latex\ifetex\ifetex.sty"
Package: ifetex 2018/03/31 v1.2a ifetex
("C:\Users\Lucas\AppData\Local\Programs\MiKTeX 2.9\tex\plain\ifetex\ifetex.tex"
))
("C:\Users\Lucas\AppData\Local\Programs\MiKTeX 2.9\tex\generic\ifxetex\ifxetex.
sty"
Package: ifxetex 2010/09/12 v0.6 Provides ifxetex conditional
)
("C:\Users\Lucas\AppData\Local\Programs\MiKTeX 2.9\tex\generic\oberdiek\ifluate
x.sty"
Package: ifluatex 2016/05/16 v1.4 Provides the ifluatex switch (HO)
Package ifluatex Info: LuaTeX not detected.
)
\stockheight=\skip44
\stockwidth=\skip45
\trimtop=\skip46
\trimedge=\skip47

("C:\Users\Lucas\AppData\Local\Programs\MiKTeX 2.9\tex\latex\memoir\mem10.clo"
File: mem10.clo 2008/01/30 v0.3 memoir class 10pt size option
)
\binding=\skip48
\spinemargin=\skip49
\foremargin=\skip50
\uppermargin=\skip51
\lowermargin=\skip52
\headdrop=\skip53
\normalrulethickness=\skip54
\mem@maxheadheight=\skip55
\mem@maxfootheight=\skip56
\headwidth=\skip57
\c@storedpagenumber=\count82
\memPD=\dimen102
\m@mabparskip=\skip58
\thanksmarkwidth=\skip59
\thanksmarksep=\skip60
\droptitle=\skip61
\c@book=\count83
\c@part=\count84
\c@chapter=\count85
\c@section=\count86
\c@subsection=\count87
\c@subsubsection=\count88
\c@paragraph=\count89
\c@subparagraph=\count90
\beforechapskip=\skip62
\midchapskip=\skip63
\afterchapskip=\skip64
\chapindent=\skip65
\bottomsectionskip=\skip66
\secindent=\skip67
\beforesecskip=\skip68
\aftersecskip=\skip69
\subsecindent=\skip70
\beforesubsecskip=\skip71
\aftersubsecskip=\skip72
\subsubsecindent=\skip73
\beforesubsubsecskip=\skip74
\aftersubsubsecskip=\skip75
\paraindent=\skip76
\beforeparaskip=\skip77
\afterparaskip=\skip78
\subparaindent=\skip79
\beforesubparaskip=\skip80
\aftersubparaskip=\skip81
\pfbreakskip=\skip82
\c@@ppsavesec=\count91
\c@@ppsaveapp=\count92
\ragrparindent=\dimen103
\everylistparindent=\dimen104
\parsepi=\skip83
\topsepi=\skip84
\itemsepi=\skip85
\parsepii=\skip86
\topsepii=\skip87
\topsepiii=\skip88
\itemsepii=\skip89
\itemsepiii=\skip90
\partopsepii=\skip91
\partopsepiii=\skip92
\m@msavetopsep=\skip93
\m@msavepartopsep=\skip94
\@enLab=\toks14
\abstitleskip=\skip95
\absleftindent=\skip96
\abs@leftindent=\dimen105
\absrightindent=\skip97
\absparindent=\skip98
\absparsep=\skip99
\c@vslineno=\count93
\c@poemline=\count94
\c@modulo@vs=\count95
\c@memfvsline=\count96
\vleftskip=\skip100
\vrightskip=\skip101
\stanzaskip=\skip102
\versewidth=\skip103
\vgap=\skip104
\vindent=\skip105
\vleftmargin=\dimen106
\c@verse=\count97
\c@chrsinstr=\count98
\beforepoemtitleskip=\skip106
\afterpoemtitleskip=\skip107
\c@poem=\count99
\beforePoemTitleskip=\skip108
\midPoemTitleskip=\skip109
\afterPoemTitleskip=\skip110
("C:\Users\Lucas\AppData\Local\Programs\MiKTeX 2.9\tex\latex\tools\array.sty"
Package: array 2018/04/30 v2.4h Tabular extension package (FMi)
\col@sep=\dimen107
\ar@mcellbox=\box26
\extrarowheight=\dimen108
\NC@list=\toks15
\extratabsurround=\skip111
\backup@length=\skip112
\ar@cellbox=\box27
)
("C:\Users\Lucas\AppData\Local\Programs\MiKTeX 2.9\tex\latex\tools\dcolumn.sty"
Package: dcolumn 2014/10/28 v1.06 decimal alignment package (DPC)
)
("C:\Users\Lucas\AppData\Local\Programs\MiKTeX 2.9\tex\latex\tools\delarray.sty
"
Package: delarray 2014/10/28 v1.01 array delimiter package (DPC)
)
("C:\Users\Lucas\AppData\Local\Programs\MiKTeX 2.9\tex\latex\tools\tabularx.sty
"
Package: tabularx 2016/02/03 v2.11b `tabularx' package (DPC)
\TX@col@width=\dimen109
\TX@old@table=\dimen110
\TX@old@col=\dimen111
\TX@target=\dimen112
\TX@delta=\dimen113
\TX@cols=\count100
\TX@ftn=\toks16
)
\heavyrulewidth=\dimen114
\lightrulewidth=\dimen115
\cmidrulewidth=\dimen116
\belowrulesep=\dimen117
\belowbottomsep=\dimen118
\aboverulesep=\dimen119
\abovetopsep=\dimen120
\cmidrulesep=\dimen121
\cmidrulekern=\dimen122
\defaultaddspace=\dimen123
\@cmidla=\count101
\@cmidlb=\count102
\@aboverulesep=\dimen124
\@belowrulesep=\dimen125
\@thisruleclass=\count103
\@lastruleclass=\count104
\@thisrulewidth=\dimen126
\ctableftskip=\skip113
\ctabrightskip=\skip114
\abovecolumnspenalty=\count105
\@linestogo=\count106
\@cellstogo=\count107
\@cellsincolumn=\count108
\crtok=\toks17
\@mincolumnwidth=\dimen127
\c@newflo@tctr=\count109
\mem@margin@floatbox=\box28
\@contcwidth=\skip115
\@contindw=\skip116
\abovecaptionskip=\skip117
\belowcaptionskip=\skip118
\subfloattopskip=\skip119
\subfloatcapskip=\skip120
\subfloatcaptopadj=\skip121
\subfloatbottomskip=\skip122
\subfloatlabelskip=\skip123
\subfloatcapmargin=\dimen128
\c@@contsubnum=\count110
\m@mscap@capbox=\box29
\m@mscap@fbox=\box30
\sidecapsep=\dimen129
\sidecapwidth=\dimen130
\m@m@tempdima=\dimen131
\m@mscapraise=\dimen132
\sidecapraise=\dimen133
\m@mscapmainwidth=\dimen134
\m@mscaplkern=\dimen135
\beforeepigraphskip=\skip124
\afterepigraphskip=\skip125
\epigraphwidth=\skip126
\epigraphrule=\skip127
LaTeX Info: Redefining \em on input line 7592.
LaTeX Info: Redefining \emph on input line 7600.
\tocentryskip=\skip128
\tocbaseline=\skip129
\cftparskip=\skip130
\cftbeforebookskip=\skip131
\cftbookindent=\dimen136
\cftbooknumwidth=\dimen137
\cftbeforepartskip=\skip132
\cftpartindent=\skip133
\cftpartnumwidth=\skip134
\cftbeforechapterskip=\skip135
\cftchapterindent=\skip136
\cftchapternumwidth=\skip137
\cftbeforesectionskip=\skip138
\cftsectionindent=\skip139
\cftsectionnumwidth=\skip140
\cftbeforesubsectionskip=\skip141
\cftsubsectionindent=\skip142
\cftsubsectionnumwidth=\skip143
\cftbeforesubsubsectionskip=\skip144
\cftsubsubsectionindent=\skip145
\cftsubsubsectionnumwidth=\skip146
\cftbeforeparagraphskip=\skip147
\cftparagraphindent=\skip148
\cftparagraphnumwidth=\skip149
\cftbeforesubparagraphskip=\skip150
\cftsubparagraphindent=\skip151
\cftsubparagraphnumwidth=\skip152
\prechapterprecisshift=\dimen138
\c@maxsecnumdepth=\count111
\bibindent=\dimen139
\bibitemsep=\skip153
\indexcolsep=\skip154
\indexrule=\skip155
\indexmarkstyle=\toks18
\@indexbox=\insert199
\glossarycolsep=\dimen140
\glossaryrule=\dimen141
\sideparvshift=\skip156
\sideins=\insert198
\sidebartopsep=\skip157
\sidebarhsep=\skip158
\sidebarvsep=\skip159
\sidebarwidth=\skip160
\footmarkwidth=\skip161
\footmarksep=\skip162
\footparindent=\skip163
\footinsdim=\skip164
\footinsv@r=\insert197
\@mpfootinsv@r=\insert196
\m@m@k=\count112
\m@m@h=\dimen142
\m@mipn@skip=\skip165
\sidefootins=\insert195
\sidefootadjust=\skip166
\sidefootheight=\skip167
\sidefoothsep=\skip168
\sidefootvsep=\skip169
\sidefootwidth=\skip170
\m@mdownsf=\skip171
\c@sidefootnote=\count113
\sidefootmarkwidth=\skip172
\sidefootmarksep=\skip173
\sidefootparindent=\skip174
\c@pagenote=\count114
\c@pagenoteshadow=\count115
\mem@pn@lastkern=\skip175
\every@verbatim=\toks19
\afterevery@verbatim=\toks20
\verbatim@line=\toks21
\tab@position=\count116
\verbatim@in@stream=\read1
\verbatimindent=\skip176
\verbatim@out=\write3
\bvboxsep=\skip177
\c@memfbvline=\count117
\c@bvlinectr=\count118
\bvnumlength=\skip178
\fb@frw=\dimen143
\fb@frh=\dimen144
\FrameRule=\dimen145
\FrameSep=\dimen146
\c@cp@cntr=\count119
LaTeX Info: Redefining \: on input line 12114.
LaTeX Info: Redefining \! on input line 12116.
\c@ism@mctr=\count120
\c@xsm@mctr=\count121
\c@csm@mctr=\count122
\c@ksm@mctr=\count123
\c@xksm@mctr=\count124
\c@cksm@mctr=\count125
\c@msm@mctr=\count126
\c@xmsm@mctr=\count127
\c@cmsm@mctr=\count128
\c@bsm@mctr=\count129
\c@workm@mctr=\count130
\c@sheetsequence=\count131
\c@lastsheet=\count132
\c@lastpage=\count133
\c@figure=\count134
\c@lofdepth=\count135
\cftbeforefigureskip=\skip179
\cftfigureindent=\skip180
\cftfigurenumwidth=\skip181
\c@table=\count136
\c@lotdepth=\count137
\cftbeforetableskip=\skip182
\cfttableindent=\skip183
\cfttablenumwidth=\skip184
Package abstract [2008/07/23] emulated by memoir.
Package appendix [2008/07/23] emulated by memoir.
Package booktabs [2016/05/16] emulated by memoir.
Package ccaption [2008/07/23] emulated by memoir.
Package changepage [2008/07/23] emulated by memoir.
Package chngcntr [2008/07/23] emulated by memoir.
Package chngpage [2008/07/23] emulated by memoir.
Package crop emulated by memoir.
Package enumerate [2008/07/23] emulated by memoir.
Package epigraph [2008/07/23] emulated by memoir.
Package ifmtarg [2008/07/23] emulated by memoir.
Package index [2008/07/23] emulated by memoir.
Package makeidx [2008/07/23] emulated by memoir.
Package moreverb [2008/07/23] emulated by memoir.
Package mparhack [2008/07/23] emulated by memoir.
Package needspace [2008/07/23] emulated by memoir.
Package newfile [2008/07/23] emulated by memoir.
Package nextpage [2008/07/23] emulated by memoir.
Package pagenote [2008/07/23] emulated by memoir.
Package parskip [2008/07/23] emulated by memoir.
Package patchcmd [2008/07/23] emulated by memoir.
Package setspace [2008/07/23] emulated by memoir.
Package shortvrb [2008/07/23] emulated by memoir.
Package showidx [2008/07/23] emulated by memoir.
Package titleref [2008/07/23] emulated by memoir.
Package titling [2008/07/23] emulated by memoir.
Package tocbibind [2008/07/23] emulated by memoir.
Package tocloft [2008/07/23] emulated by memoir.
Package tocvsec2 [2008/07/23] emulated by memoir.
Package verbatim [2008/07/23] emulated by memoir.
Package verse [2008/07/23] emulated by memoir.
)
Document Class: pmgirs 2019/06/11 Modelo PMGIRS
("C:\Users\Lucas\AppData\Local\Programs\MiKTeX 2.9\tex\latex\base\fontenc.sty"
Package: fontenc 2017/04/05 v2.0i Standard LaTeX package

("C:\Users\Lucas\AppData\Local\Programs\MiKTeX 2.9\tex\latex\base\t1enc.def"
File: t1enc.def 2017/04/05 v2.0i Standard LaTeX file
LaTeX Font Info:    Redeclaring font encoding T1 on input line 48.
))
("C:\Users\Lucas\AppData\Local\Programs\MiKTeX 2.9\tex\latex\base\inputenc.sty"
Package: inputenc 2018/04/06 v1.3b Input encoding file
\inpenc@prehook=\toks22
\inpenc@posthook=\toks23
)
("C:\Users\Lucas\AppData\Local\Programs\MiKTeX 2.9\tex\latex\geometry\geometry.
sty"
Package: geometry 2018/04/16 v5.8 Page Geometry

("C:\Users\Lucas\AppData\Local\Programs\MiKTeX 2.9\tex\latex\graphics\keyval.st
y"
Package: keyval 2014/10/28 v1.15 key=value parser (DPC)
\KV@toks@=\toks24
)
("C:\Users\Lucas\AppData\Local\Programs\MiKTeX 2.9\tex\generic\oberdiek\ifvtex.
sty"
Package: ifvtex 2016/05/16 v1.6 Detect VTeX and its facilities (HO)
Package ifvtex Info: VTeX not detected.
)
\Gm@cnth=\count138
\Gm@cntv=\count139
\c@Gm@tempcnt=\count140
\Gm@bindingoffset=\dimen147
\Gm@wd@mp=\dimen148
\Gm@odd@mp=\dimen149
\Gm@even@mp=\dimen150
\Gm@layoutwidth=\dimen151
\Gm@layoutheight=\dimen152
\Gm@layouthoffset=\dimen153
\Gm@layoutvoffset=\dimen154
\Gm@dimlist=\toks25

("C:\Users\Lucas\AppData\Local\Programs\MiKTeX 2.9\tex\latex\geometry\geometry.
cfg"))
("C:\Users\Lucas\AppData\Local\Programs\MiKTeX 2.9\tex\latex\titlesec\titlesec.
sty"
Package: titlesec 2016/03/21 v2.10.2 Sectioning titles
\ttl@box=\box31
\beforetitleunit=\skip185
\aftertitleunit=\skip186
\ttl@plus=\dimen155
\ttl@minus=\dimen156
\ttl@toksa=\toks26
\titlewidth=\dimen157
\titlewidthlast=\dimen158
\titlewidthfirst=\dimen159
)
("C:\Users\Lucas\AppData\Local\Programs\MiKTeX 2.9\tex\latex\pgf\frontendlayer\
tikz.sty"
("C:\Users\Lucas\AppData\Local\Programs\MiKTeX 2.9\tex\latex\pgf\basiclayer\pgf
.sty"
("C:\Users\Lucas\AppData\Local\Programs\MiKTeX 2.9\tex\latex\pgf\utilities\pgfr
cs.sty"
("C:\Users\Lucas\AppData\Local\Programs\MiKTeX 2.9\tex\generic\pgf\utilities\pg
futil-common.tex"
\pgfutil@everybye=\toks27
\pgfutil@tempdima=\dimen160
\pgfutil@tempdimb=\dimen161

("C:\Users\Lucas\AppData\Local\Programs\MiKTeX 2.9\tex\generic\pgf\utilities\pg
futil-common-lists.tex"))
("C:\Users\Lucas\AppData\Local\Programs\MiKTeX 2.9\tex\generic\pgf\utilities\pg
futil-latex.def"
\pgfutil@abb=\box32

("C:\Users\Lucas\AppData\Local\Programs\MiKTeX 2.9\tex\latex\ms\everyshi.sty"
Package: everyshi 2001/05/15 v3.00 EveryShipout Package (MS)
))
("C:\Users\Lucas\AppData\Local\Programs\MiKTeX 2.9\tex\generic\pgf\utilities\pg
frcs.code.tex"
Package: pgfrcs 2015/08/07 v3.0.1a (rcs-revision 1.31)
))
Package: pgf 2015/08/07 v3.0.1a (rcs-revision 1.15)

("C:\Users\Lucas\AppData\Local\Programs\MiKTeX 2.9\tex\latex\pgf\basiclayer\pgf
core.sty"
("C:\Users\Lucas\AppData\Local\Programs\MiKTeX 2.9\tex\latex\graphics\graphicx.
sty"
Package: graphicx 2017/06/01 v1.1a Enhanced LaTeX Graphics (DPC,SPQR)

("C:\Users\Lucas\AppData\Local\Programs\MiKTeX 2.9\tex\latex\graphics\graphics.
sty"
Package: graphics 2017/06/25 v1.2c Standard LaTeX Graphics (DPC,SPQR)

("C:\Users\Lucas\AppData\Local\Programs\MiKTeX 2.9\tex\latex\graphics\trig.sty"
Package: trig 2016/01/03 v1.10 sin cos tan (DPC)
)
("C:\Users\Lucas\AppData\Local\Programs\MiKTeX 2.9\tex\latex\graphics-cfg\graph
ics.cfg"
File: graphics.cfg 2016/06/04 v1.11 sample graphics configuration
)
Package graphics Info: Driver file: pdftex.def on input line 99.

("C:\Users\Lucas\AppData\Local\Programs\MiKTeX 2.9\tex\latex\graphics-def\pdfte
x.def"
File: pdftex.def 2018/01/08 v1.0l Graphics/color driver for pdftex
))
\Gin@req@height=\dimen162
\Gin@req@width=\dimen163
)
("C:\Users\Lucas\AppData\Local\Programs\MiKTeX 2.9\tex\latex\pgf\systemlayer\pg
fsys.sty"
("C:\Users\Lucas\AppData\Local\Programs\MiKTeX 2.9\tex\generic\pgf\systemlayer\
pgfsys.code.tex"
Package: pgfsys 2014/07/09 v3.0.1a (rcs-revision 1.48)

("C:\Users\Lucas\AppData\Local\Programs\MiKTeX 2.9\tex\generic\pgf\utilities\pg
fkeys.code.tex"
\pgfkeys@pathtoks=\toks28
\pgfkeys@temptoks=\toks29

("C:\Users\Lucas\AppData\Local\Programs\MiKTeX 2.9\tex\generic\pgf\utilities\pg
fkeysfiltered.code.tex"
\pgfkeys@tmptoks=\toks30
))
\pgf@x=\dimen164
\pgf@y=\dimen165
\pgf@xa=\dimen166
\pgf@ya=\dimen167
\pgf@xb=\dimen168
\pgf@yb=\dimen169
\pgf@xc=\dimen170
\pgf@yc=\dimen171
\w@pgf@writea=\write4
\r@pgf@reada=\read2
\c@pgf@counta=\count141
\c@pgf@countb=\count142
\c@pgf@countc=\count143
\c@pgf@countd=\count144
\t@pgf@toka=\toks31
\t@pgf@tokb=\toks32
\t@pgf@tokc=\toks33

("C:\Users\Lucas\AppData\Local\Programs\MiKTeX 2.9\tex\generic\pgf\systemlayer\
pgf.cfg"
File: pgf.cfg 2008/05/14  (rcs-revision 1.7)
)
Driver file for pgf: pgfsys-pdftex.def

("C:\Users\Lucas\AppData\Local\Programs\MiKTeX 2.9\tex\generic\pgf\systemlayer\
pgfsys-pdftex.def"
File: pgfsys-pdftex.def 2014/10/11  (rcs-revision 1.35)

("C:\Users\Lucas\AppData\Local\Programs\MiKTeX 2.9\tex\generic\pgf\systemlayer\
pgfsys-common-pdf.def"
File: pgfsys-common-pdf.def 2013/10/10  (rcs-revision 1.13)
)))
("C:\Users\Lucas\AppData\Local\Programs\MiKTeX 2.9\tex\generic\pgf\systemlayer\
pgfsyssoftpath.code.tex"
File: pgfsyssoftpath.code.tex 2013/09/09  (rcs-revision 1.9)
\pgfsyssoftpath@smallbuffer@items=\count145
\pgfsyssoftpath@bigbuffer@items=\count146
)
("C:\Users\Lucas\AppData\Local\Programs\MiKTeX 2.9\tex\generic\pgf\systemlayer\
pgfsysprotocol.code.tex"
File: pgfsysprotocol.code.tex 2006/10/16  (rcs-revision 1.4)
))
("C:\Users\Lucas\AppData\Local\Programs\MiKTeX 2.9\tex\latex\xcolor\xcolor.sty"
Package: xcolor 2016/05/11 v2.12 LaTeX color extensions (UK)

("C:\Users\Lucas\AppData\Local\Programs\MiKTeX 2.9\tex\latex\graphics-cfg\color
.cfg"
File: color.cfg 2016/01/02 v1.6 sample color configuration
)
Package xcolor Info: Driver file: pdftex.def on input line 225.
Package xcolor Info: Model `cmy' substituted by `cmy0' on input line 1348.
Package xcolor Info: Model `hsb' substituted by `rgb' on input line 1352.
Package xcolor Info: Model `RGB' extended on input line 1364.
Package xcolor Info: Model `HTML' substituted by `rgb' on input line 1366.
Package xcolor Info: Model `Hsb' substituted by `hsb' on input line 1367.
Package xcolor Info: Model `tHsb' substituted by `hsb' on input line 1368.
Package xcolor Info: Model `HSB' substituted by `hsb' on input line 1369.
Package xcolor Info: Model `Gray' substituted by `gray' on input line 1370.
Package xcolor Info: Model `wave' substituted by `hsb' on input line 1371.
)
("C:\Users\Lucas\AppData\Local\Programs\MiKTeX 2.9\tex\generic\pgf\basiclayer\p
gfcore.code.tex"
Package: pgfcore 2010/04/11 v3.0.1a (rcs-revision 1.7)

("C:\Users\Lucas\AppData\Local\Programs\MiKTeX 2.9\tex\generic\pgf\math\pgfmath
.code.tex"
("C:\Users\Lucas\AppData\Local\Programs\MiKTeX 2.9\tex\generic\pgf\math\pgfmath
calc.code.tex"
("C:\Users\Lucas\AppData\Local\Programs\MiKTeX 2.9\tex\generic\pgf\math\pgfmath
util.code.tex")
("C:\Users\Lucas\AppData\Local\Programs\MiKTeX 2.9\tex\generic\pgf\math\pgfmath
parser.code.tex"
\pgfmath@dimen=\dimen172
\pgfmath@count=\count147
\pgfmath@box=\box33
\pgfmath@toks=\toks34
\pgfmath@stack@operand=\toks35
\pgfmath@stack@operation=\toks36
)
("C:\Users\Lucas\AppData\Local\Programs\MiKTeX 2.9\tex\generic\pgf\math\pgfmath
functions.code.tex"
("C:\Users\Lucas\AppData\Local\Programs\MiKTeX 2.9\tex\generic\pgf\math\pgfmath
functions.basic.code.tex")
("C:\Users\Lucas\AppData\Local\Programs\MiKTeX 2.9\tex\generic\pgf\math\pgfmath
functions.trigonometric.code.tex")
("C:\Users\Lucas\AppData\Local\Programs\MiKTeX 2.9\tex\generic\pgf\math\pgfmath
functions.random.code.tex")
("C:\Users\Lucas\AppData\Local\Programs\MiKTeX 2.9\tex\generic\pgf\math\pgfmath
functions.comparison.code.tex")
("C:\Users\Lucas\AppData\Local\Programs\MiKTeX 2.9\tex\generic\pgf\math\pgfmath
functions.base.code.tex")
("C:\Users\Lucas\AppData\Local\Programs\MiKTeX 2.9\tex\generic\pgf\math\pgfmath
functions.round.code.tex")
("C:\Users\Lucas\AppData\Local\Programs\MiKTeX 2.9\tex\generic\pgf\math\pgfmath
functions.misc.code.tex")
("C:\Users\Lucas\AppData\Local\Programs\MiKTeX 2.9\tex\generic\pgf\math\pgfmath
functions.integerarithmetics.code.tex")))
("C:\Users\Lucas\AppData\Local\Programs\MiKTeX 2.9\tex\generic\pgf\math\pgfmath
float.code.tex"
\c@pgfmathroundto@lastzeros=\count148
))
("C:\Users\Lucas\AppData\Local\Programs\MiKTeX 2.9\tex\generic\pgf\basiclayer\p
gfcorepoints.code.tex"
File: pgfcorepoints.code.tex 2013/10/07  (rcs-revision 1.27)
\pgf@picminx=\dimen173
\pgf@picmaxx=\dimen174
\pgf@picminy=\dimen175
\pgf@picmaxy=\dimen176
\pgf@pathminx=\dimen177
\pgf@pathmaxx=\dimen178
\pgf@pathminy=\dimen179
\pgf@pathmaxy=\dimen180
\pgf@xx=\dimen181
\pgf@xy=\dimen182
\pgf@yx=\dimen183
\pgf@yy=\dimen184
\pgf@zx=\dimen185
\pgf@zy=\dimen186
)
("C:\Users\Lucas\AppData\Local\Programs\MiKTeX 2.9\tex\generic\pgf\basiclayer\p
gfcorepathconstruct.code.tex"
File: pgfcorepathconstruct.code.tex 2013/10/07  (rcs-revision 1.29)
\pgf@path@lastx=\dimen187
\pgf@path@lasty=\dimen188
)
("C:\Users\Lucas\AppData\Local\Programs\MiKTeX 2.9\tex\generic\pgf\basiclayer\p
gfcorepathusage.code.tex"
File: pgfcorepathusage.code.tex 2014/11/02  (rcs-revision 1.24)
\pgf@shorten@end@additional=\dimen189
\pgf@shorten@start@additional=\dimen190
)
("C:\Users\Lucas\AppData\Local\Programs\MiKTeX 2.9\tex\generic\pgf\basiclayer\p
gfcorescopes.code.tex"
File: pgfcorescopes.code.tex 2015/05/08  (rcs-revision 1.46)
\pgfpic=\box34
\pgf@hbox=\box35
\pgf@layerbox@main=\box36
\pgf@picture@serial@count=\count149
)
("C:\Users\Lucas\AppData\Local\Programs\MiKTeX 2.9\tex\generic\pgf\basiclayer\p
gfcoregraphicstate.code.tex"
File: pgfcoregraphicstate.code.tex 2014/11/02  (rcs-revision 1.12)
\pgflinewidth=\dimen191
)
("C:\Users\Lucas\AppData\Local\Programs\MiKTeX 2.9\tex\generic\pgf\basiclayer\p
gfcoretransformations.code.tex"
File: pgfcoretransformations.code.tex 2015/08/07  (rcs-revision 1.20)
\pgf@pt@x=\dimen192
\pgf@pt@y=\dimen193
\pgf@pt@temp=\dimen194
)
("C:\Users\Lucas\AppData\Local\Programs\MiKTeX 2.9\tex\generic\pgf\basiclayer\p
gfcorequick.code.tex"
File: pgfcorequick.code.tex 2008/10/09  (rcs-revision 1.3)
)
("C:\Users\Lucas\AppData\Local\Programs\MiKTeX 2.9\tex\generic\pgf\basiclayer\p
gfcoreobjects.code.tex"
File: pgfcoreobjects.code.tex 2006/10/11  (rcs-revision 1.2)
)
("C:\Users\Lucas\AppData\Local\Programs\MiKTeX 2.9\tex\generic\pgf\basiclayer\p
gfcorepathprocessing.code.tex"
File: pgfcorepathprocessing.code.tex 2013/09/09  (rcs-revision 1.9)
)
("C:\Users\Lucas\AppData\Local\Programs\MiKTeX 2.9\tex\generic\pgf\basiclayer\p
gfcorearrows.code.tex"
File: pgfcorearrows.code.tex 2015/05/14  (rcs-revision 1.43)
\pgfarrowsep=\dimen256
)
("C:\Users\Lucas\AppData\Local\Programs\MiKTeX 2.9\tex\generic\pgf\basiclayer\p
gfcoreshade.code.tex"
File: pgfcoreshade.code.tex 2013/07/15  (rcs-revision 1.15)
\pgf@max=\dimen257
\pgf@sys@shading@range@num=\count150
)
("C:\Users\Lucas\AppData\Local\Programs\MiKTeX 2.9\tex\generic\pgf\basiclayer\p
gfcoreimage.code.tex"
File: pgfcoreimage.code.tex 2013/07/15  (rcs-revision 1.18)

("C:\Users\Lucas\AppData\Local\Programs\MiKTeX 2.9\tex\generic\pgf\basiclayer\p
gfcoreexternal.code.tex"
File: pgfcoreexternal.code.tex 2014/07/09  (rcs-revision 1.21)
\pgfexternal@startupbox=\box37
))
("C:\Users\Lucas\AppData\Local\Programs\MiKTeX 2.9\tex\generic\pgf\basiclayer\p
gfcorelayers.code.tex"
File: pgfcorelayers.code.tex 2013/07/18  (rcs-revision 1.7)
)
("C:\Users\Lucas\AppData\Local\Programs\MiKTeX 2.9\tex\generic\pgf\basiclayer\p
gfcoretransparency.code.tex"
File: pgfcoretransparency.code.tex 2013/09/30  (rcs-revision 1.5)
)
("C:\Users\Lucas\AppData\Local\Programs\MiKTeX 2.9\tex\generic\pgf\basiclayer\p
gfcorepatterns.code.tex"
File: pgfcorepatterns.code.tex 2013/11/07  (rcs-revision 1.5)
)))
("C:\Users\Lucas\AppData\Local\Programs\MiKTeX 2.9\tex\generic\pgf\modules\pgfm
oduleshapes.code.tex"
File: pgfmoduleshapes.code.tex 2014/03/21  (rcs-revision 1.35)
\pgfnodeparttextbox=\box38
)
("C:\Users\Lucas\AppData\Local\Programs\MiKTeX 2.9\tex\generic\pgf\modules\pgfm
oduleplot.code.tex"
File: pgfmoduleplot.code.tex 2015/08/03  (rcs-revision 1.13)
)
("C:\Users\Lucas\AppData\Local\Programs\MiKTeX 2.9\tex\latex\pgf\compatibility\
pgfcomp-version-0-65.sty"
Package: pgfcomp-version-0-65 2007/07/03 v3.0.1a (rcs-revision 1.7)
\pgf@nodesepstart=\dimen258
\pgf@nodesepend=\dimen259
)
("C:\Users\Lucas\AppData\Local\Programs\MiKTeX 2.9\tex\latex\pgf\compatibility\
pgfcomp-version-1-18.sty"
Package: pgfcomp-version-1-18 2007/07/23 v3.0.1a (rcs-revision 1.1)
))
("C:\Users\Lucas\AppData\Local\Programs\MiKTeX 2.9\tex\latex\pgf\utilities\pgff
or.sty"
("C:\Users\Lucas\AppData\Local\Programs\MiKTeX 2.9\tex\latex\pgf\utilities\pgfk
eys.sty"
("C:\Users\Lucas\AppData\Local\Programs\MiKTeX 2.9\tex\generic\pgf\utilities\pg
fkeys.code.tex"))
("C:\Users\Lucas\AppData\Local\Programs\MiKTeX 2.9\tex\latex\pgf\math\pgfmath.s
ty"
("C:\Users\Lucas\AppData\Local\Programs\MiKTeX 2.9\tex\generic\pgf\math\pgfmath
.code.tex"))
("C:\Users\Lucas\AppData\Local\Programs\MiKTeX 2.9\tex\generic\pgf\utilities\pg
ffor.code.tex"
Package: pgffor 2013/12/13 v3.0.1a (rcs-revision 1.25)

("C:\Users\Lucas\AppData\Local\Programs\MiKTeX 2.9\tex\generic\pgf\math\pgfmath
.code.tex")
\pgffor@iter=\dimen260
\pgffor@skip=\dimen261
\pgffor@stack=\toks37
\pgffor@toks=\toks38
))
("C:\Users\Lucas\AppData\Local\Programs\MiKTeX 2.9\tex\generic\pgf\frontendlaye
r\tikz\tikz.code.tex"
Package: tikz 2015/08/07 v3.0.1a (rcs-revision 1.151)

("C:\Users\Lucas\AppData\Local\Programs\MiKTeX 2.9\tex\generic\pgf\libraries\pg
flibraryplothandlers.code.tex"
File: pgflibraryplothandlers.code.tex 2013/08/31 v3.0.1a (rcs-revision 1.20)
\pgf@plot@mark@count=\count151
\pgfplotmarksize=\dimen262
)
\tikz@lastx=\dimen263
\tikz@lasty=\dimen264
\tikz@lastxsaved=\dimen265
\tikz@lastysaved=\dimen266
\tikzleveldistance=\dimen267
\tikzsiblingdistance=\dimen268
\tikz@figbox=\box39
\tikz@figbox@bg=\box40
\tikz@tempbox=\box41
\tikz@tempbox@bg=\box42
\tikztreelevel=\count152
\tikznumberofchildren=\count153
\tikznumberofcurrentchild=\count154
\tikz@fig@count=\count155

("C:\Users\Lucas\AppData\Local\Programs\MiKTeX 2.9\tex\generic\pgf\modules\pgfm
odulematrix.code.tex"
File: pgfmodulematrix.code.tex 2013/09/17  (rcs-revision 1.8)
\pgfmatrixcurrentrow=\count156
\pgfmatrixcurrentcolumn=\count157
\pgf@matrix@numberofcolumns=\count158
)
\tikz@expandcount=\count159

("C:\Users\Lucas\AppData\Local\Programs\MiKTeX 2.9\tex\generic\pgf\frontendlaye
r\tikz\libraries\tikzlibrarytopaths.code.tex"
File: tikzlibrarytopaths.code.tex 2008/06/17 v3.0.1a (rcs-revision 1.2)
)))
("C:\Users\Lucas\AppData\Local\Programs\MiKTeX 2.9\tex\latex\koma-script\scrlay
er.sty"
Package: scrlayer 2019/02/01 v3.26b KOMA-Script package (defining layers and pa
ge styles)

("C:\Users\Lucas\AppData\Local\Programs\MiKTeX 2.9\tex\latex\koma-script\scrkba
se.sty"
Package: scrkbase 2019/02/01 v3.26b KOMA-Script package (KOMA-Script-dependent 
basics and keyval usage)

("C:\Users\Lucas\AppData\Local\Programs\MiKTeX 2.9\tex\latex\koma-script\scrbas
e.sty"
Package: scrbase 2019/02/01 v3.26b KOMA-Script package (KOMA-Script-independent
 basics and keyval usage)

("C:\Users\Lucas\AppData\Local\Programs\MiKTeX 2.9\tex\latex\koma-script\scrlfi
le.sty"
Package: scrlfile 2019/02/01 v3.26b KOMA-Script package (loading files)


LaTeX Warning: Command \InputIfFileExists  has changed.
               Check if current package is valid.

)))
\footheight=\skip187
Package scrlayer Info: patching LaTeX kernel macro \pagestyle on input line 208
3.
)
("C:\Users\Lucas\AppData\Local\Programs\MiKTeX 2.9\tex\generic\babel\babel.sty"
Package: babel 2018/10/16 3.26 The Babel package
("C:\Users\Lucas\AppData\Local\Programs\MiKTeX 2.9\tex\generic\babel\switch.def
"
File: switch.def 2018/10/16 3.26 Babel switching mechanism
)
*************************************
* Local config file bblopts.cfg used
*
("C:\Users\Lucas\AppData\Local\Programs\MiKTeX 2.9\tex\latex\arabi\bblopts.cfg"
File: bblopts.cfg 2005/09/08 v0.1 add Arabic and Farsi to "declared" options of
 babel
)
("C:\Users\Lucas\AppData\Local\Programs\MiKTeX 2.9\tex\latex\babel-portuges\por
tuges.ldf"
Language: portuges 2008/03/18 v1.2q Portuguese support from the babel system

("C:\Users\Lucas\AppData\Local\Programs\MiKTeX 2.9\tex\generic\babel\babel.def"
File: babel.def 2018/10/16 3.26 Babel common definitions
\babel@savecnt=\count160
\U@D=\dimen269

("C:\Users\Lucas\AppData\Local\Programs\MiKTeX 2.9\tex\generic\babel\txtbabel.d
ef")
\bbl@dirlevel=\count161
)
\l@brazil = a dialect from \language\l@portuges 
Package babel Info: Making " an active character on input line 145.
))
("C:\Users\Lucas\AppData\Local\Programs\MiKTeX 2.9\tex\latex\tools\calc.sty"
Package: calc 2017/05/25 v4.3 Infix arithmetic (KKT,FJ)
\calc@Acount=\count162
\calc@Bcount=\count163
\calc@Adimen=\dimen270
\calc@Bdimen=\dimen271
\calc@Askip=\skip188
\calc@Bskip=\skip189
LaTeX Info: Redefining \setlength on input line 80.
LaTeX Info: Redefining \addtolength on input line 81.
\calc@Ccount=\count164
\calc@Cskip=\skip190
)
("C:\Users\Lucas\AppData\Local\Programs\MiKTeX 2.9\tex\latex\leading\leading.st
y"
Package: leading 2008/12/11 v0.3 Define leading length
)
("C:\Users\Lucas\AppData\Local\Programs\MiKTeX 2.9\tex\latex\enumitem\enumitem.
sty"
Package: enumitem 2019/06/20 v3.9 Customized lists
\labelindent=\skip191
\enit@outerparindent=\dimen272
\enit@toks=\toks39
\enit@inbox=\box43
\enit@count@id=\count165
\enitdp@description=\count166
)
("C:\Users\Lucas\AppData\Local\Programs\MiKTeX 2.9\tex\latex\hyperref\hyperref.
sty"
Package: hyperref 2018/09/30 v6.88a Hypertext links for LaTeX

("C:\Users\Lucas\AppData\Local\Programs\MiKTeX 2.9\tex\generic\oberdiek\hobsub-
hyperref.sty"
Package: hobsub-hyperref 2016/05/16 v1.14 Bundle oberdiek, subset hyperref (HO)


("C:\Users\Lucas\AppData\Local\Programs\MiKTeX 2.9\tex\generic\oberdiek\hobsub-
generic.sty"
Package: hobsub-generic 2016/05/16 v1.14 Bundle oberdiek, subset generic (HO)
Package: hobsub 2016/05/16 v1.14 Construct package bundles (HO)
Package: infwarerr 2016/05/16 v1.4 Providing info/warning/error messages (HO)
Package: ltxcmds 2016/05/16 v1.23 LaTeX kernel commands for general use (HO)
Package hobsub Info: Skipping package `ifluatex' (already loaded).
Package hobsub Info: Skipping package `ifvtex' (already loaded).
Package: intcalc 2016/05/16 v1.2 Expandable calculations with integers (HO)
Package hobsub Info: Skipping package `ifpdf' (already loaded).
Package: etexcmds 2016/05/16 v1.6 Avoid name clashes with e-TeX commands (HO)
Package etexcmds Info: Could not find \expanded.
(etexcmds)             That can mean that you are not using pdfTeX 1.50 or
(etexcmds)             that some package has redefined \expanded.
(etexcmds)             In the latter case, load this package earlier.
Package: kvsetkeys 2016/05/16 v1.17 Key value parser (HO)
Package: kvdefinekeys 2016/05/16 v1.4 Define keys (HO)
Package: pdftexcmds 2018/09/10 v0.29 Utility functions of pdfTeX for LuaTeX (HO
)
Package pdftexcmds Info: LuaTeX not detected.
Package pdftexcmds Info: \pdf@primitive is available.
Package pdftexcmds Info: \pdf@ifprimitive is available.
Package pdftexcmds Info: \pdfdraftmode found.
Package: pdfescape 2016/05/16 v1.14 Implements pdfTeX's escape features (HO)
Package: bigintcalc 2016/05/16 v1.4 Expandable calculations on big integers (HO
)
Package: bitset 2016/05/16 v1.2 Handle bit-vector datatype (HO)
Package: uniquecounter 2016/05/16 v1.3 Provide unlimited unique counter (HO)
)
Package hobsub Info: Skipping package `hobsub' (already loaded).
Package: letltxmacro 2016/05/16 v1.5 Let assignment for LaTeX macros (HO)
Package: hopatch 2016/05/16 v1.3 Wrapper for package hooks (HO)
Package: xcolor-patch 2016/05/16 xcolor patch
Package: atveryend 2016/05/16 v1.9 Hooks at the very end of document (HO)
Package atveryend Info: \enddocument detected (standard20110627).
Package: atbegshi 2016/06/09 v1.18 At begin shipout hook (HO)
Package: refcount 2016/05/16 v3.5 Data extraction from label references (HO)
Package: hycolor 2016/05/16 v1.8 Color options for hyperref/bookmark (HO)
)
("C:\Users\Lucas\AppData\Local\Programs\MiKTeX 2.9\tex\latex\oberdiek\auxhook.s
ty"
Package: auxhook 2016/05/16 v1.4 Hooks for auxiliary files (HO)
)
("C:\Users\Lucas\AppData\Local\Programs\MiKTeX 2.9\tex\latex\oberdiek\kvoptions
.sty"
Package: kvoptions 2016/05/16 v3.12 Key value format for package options (HO)
)
\@linkdim=\dimen273
\Hy@linkcounter=\count167
\Hy@pagecounter=\count168

("C:\Users\Lucas\AppData\Local\Programs\MiKTeX 2.9\tex\latex\hyperref\pd1enc.de
f"
File: pd1enc.def 2018/09/30 v6.88a Hyperref: PDFDocEncoding definition (HO)
Now handling font encoding PD1 ...
... no UTF-8 mapping file for font encoding PD1
)
\Hy@SavedSpaceFactor=\count169

("C:\Users\Lucas\AppData\Local\Programs\MiKTeX 2.9\tex\latex\00miktex\hyperref.
cfg"
File: hyperref.cfg 2002/06/06 v1.2 hyperref configuration of TeXLive
)
Package hyperref Info: Hyper figures OFF on input line 4535.
Package hyperref Info: Link nesting OFF on input line 4540.
Package hyperref Info: Hyper index ON on input line 4543.
Package hyperref Info: Plain pages OFF on input line 4550.
Package hyperref Info: Backreferencing OFF on input line 4555.
Package hyperref Info: Implicit mode ON; LaTeX internals redefined.
Package hyperref Info: Bookmarks ON on input line 4788.
\c@Hy@tempcnt=\count170
 ("C:\Users\Lucas\AppData\Local\Programs\MiKTeX 2.9\tex\latex\url\url.sty"
\Urlmuskip=\muskip10
Package: url 2013/09/16  ver 3.4  Verb mode for urls, etc.
)
LaTeX Info: Redefining \url on input line 5141.
\XeTeXLinkMargin=\dimen274
\Fld@menulength=\count171
\Field@Width=\dimen275
\Fld@charsize=\dimen276
Package hyperref Info: Hyper figures OFF on input line 6396.
Package hyperref Info: Link nesting OFF on input line 6401.
Package hyperref Info: Hyper index ON on input line 6404.
Package hyperref Info: backreferencing OFF on input line 6411.
Package hyperref Info: Link coloring OFF on input line 6416.
Package hyperref Info: Link coloring with OCG OFF on input line 6421.
Package hyperref Info: PDF/A mode OFF on input line 6426.
LaTeX Info: Redefining \ref on input line 6466.
LaTeX Info: Redefining \pageref on input line 6470.
\Hy@abspage=\count172
\c@Item=\count173
\c@Hfootnote=\count174
)
("C:\Users\Lucas\AppData\Local\Programs\MiKTeX 2.9\tex\latex\memoir\memhfixc.st
y"
Package: memhfixc 2013/05/30 v1.17 nameref/hyperref package fixes for memoir cl
ass
\c@memhycontfloat=\count175
\c@Hpagenote=\count176
)
Package hyperref Info: Driver (autodetected): hpdftex.

("C:\Users\Lucas\AppData\Local\Programs\MiKTeX 2.9\tex\latex\hyperref\hpdftex.d
ef"
File: hpdftex.def 2018/09/30 v6.88a Hyperref driver for pdfTeX
\Fld@listcount=\count177
\c@bookmark@seq@number=\count178

("C:\Users\Lucas\AppData\Local\Programs\MiKTeX 2.9\tex\latex\oberdiek\rerunfile
check.sty"
Package: rerunfilecheck 2016/05/16 v1.8 Rerun checks for auxiliary files (HO)
Package uniquecounter Info: New unique counter `rerunfilecheck' on input line 2
82.
)
\Hy@SectionHShift=\skip192
)
("C:\Users\Lucas\AppData\Local\Programs\MiKTeX 2.9\tex\latex\tools\longtable.st
y"
Package: longtable 2014/10/28 v4.11 Multi-page Table package (DPC)
\LTleft=\skip193
\LTright=\skip194
\LTpre=\skip256
\LTpost=\skip257
\LTchunksize=\count179
\LTcapwidth=\dimen277
\LT@head=\box44
\LT@firsthead=\box45
\LT@foot=\box46
\LT@lastfoot=\box47
\LT@cols=\count180
\LT@rows=\count181
\c@LT@tables=\count182
\c@LT@chunks=\count183
\LT@p@ftn=\toks40
)
("C:\Users\Lucas\AppData\Local\Programs\MiKTeX 2.9\tex\latex\caption\ltcaption.
sty"
Package: ltcaption 2018/08/26 v1.4-95 longtable captions (AR)
\LTcapskip=\skip258
\LTcapleft=\skip259
\LTcapright=\skip260
)
("C:\Users\Lucas\AppData\Local\Programs\MiKTeX 2.9\tex\latex\base\ifthen.sty"
Package: ifthen 2014/09/29 v1.1c Standard LaTeX ifthen package (DPC)
)

Package geometry Warning: Over-specification in `h'-direction.
    `width' (426.79134pt) is ignored.


Package geometry Warning: Over-specification in `v'-direction.
    `height' (711.3189pt) is ignored.

\headimage=\box48
<src/layout/header.png, id=4, 1865.46938pt x 54.2025pt>
File: src/layout/header.png Graphic file (type png)
<use src/layout/header.png>
Package pdftex.def Info: src/layout/header.png  used on input line 104.
(pdftex.def)             Requested size: 597.50787pt x 17.36086pt.
\footimage=\box49
<src/layout/bottom.png, id=5, 1800.7275pt x 228.855pt>
File: src/layout/bottom.png Graphic file (type png)
<use src/layout/bottom.png>
Package pdftex.def Info: src/layout/bottom.png  used on input line 113.
(pdftex.def)             Requested size: 455.23651pt x 49.78952pt.
\c@quadro=\count184
\c@loqdepth=\count185
\cftbeforequadroskip=\skip261
\cftquadroindent=\skip262
\cftquadronumwidth=\skip263
)
("C:\Users\Lucas\AppData\Local\Programs\MiKTeX 2.9\tex\latex\glossaries\base\gl
ossaries.sty"
Package: glossaries 2018/07/23 v4.41 (NLCT)

("C:\Users\Lucas\AppData\Local\Programs\MiKTeX 2.9\tex\latex\xkeyval\xkeyval.st
y"
Package: xkeyval 2014/12/03 v2.7a package option processing (HA)

("C:\Users\Lucas\AppData\Local\Programs\MiKTeX 2.9\tex\generic\xkeyval\xkeyval.
tex"
("C:\Users\Lucas\AppData\Local\Programs\MiKTeX 2.9\tex\generic\xkeyval\xkvutils
.tex"
\XKV@toks=\toks41
\XKV@tempa@toks=\toks42
)
\XKV@depth=\count186
File: xkeyval.tex 2014/12/03 v2.7a key=value parser (HA)
))
("C:\Users\Lucas\AppData\Local\Programs\MiKTeX 2.9\tex\latex\mfirstuc\mfirstuc.
sty"
Package: mfirstuc 2017/11/14 v2.06 (NLCT)

("C:\Users\Lucas\AppData\Local\Programs\MiKTeX 2.9\tex\latex\etoolbox\etoolbox.
sty"
Package: etoolbox 2018/08/19 v2.5f e-TeX tools for LaTeX (JAW)
\etb@tempcnta=\count187
)
\@glsmfirst=\toks43
\@glsmrest=\toks44
)
("C:\Users\Lucas\AppData\Local\Programs\MiKTeX 2.9\tex\latex\textcase\textcase.
sty"
Package: textcase 2004/10/07 v0.07 Text only upper/lower case changing (DPC)
LaTeX Info: Redefining \MakeTextUppercase on input line 47.
LaTeX Info: Redefining \MakeTextLowercase on input line 50.
) ("C:\Users\Lucas\AppData\Local\Programs\MiKTeX 2.9\tex\latex\xfor\xfor.sty"
Package: xfor 2009/02/05 v1.05 (NLCT)
)
("C:\Users\Lucas\AppData\Local\Programs\MiKTeX 2.9\tex\latex\datatool\datatool-
base.sty"
Package: datatool-base 2018/04/16 v2.30 (NLCT)

("C:\Users\Lucas\AppData\Local\Programs\MiKTeX 2.9\tex\latex\amsmath\amsmath.st
y"
Package: amsmath 2017/09/02 v2.17a AMS math features
\@mathmargin=\skip264

For additional information on amsmath, use the `?' option.

("C:\Users\Lucas\AppData\Local\Programs\MiKTeX 2.9\tex\latex\amsmath\amstext.st
y"
Package: amstext 2000/06/29 v2.01 AMS text

("C:\Users\Lucas\AppData\Local\Programs\MiKTeX 2.9\tex\latex\amsmath\amsgen.sty
"
File: amsgen.sty 1999/11/30 v2.0 generic functions
\@emptytoks=\toks45
\ex@=\dimen278
))
("C:\Users\Lucas\AppData\Local\Programs\MiKTeX 2.9\tex\latex\amsmath\amsbsy.sty
"
Package: amsbsy 1999/11/29 v1.2d Bold Symbols
\pmbraise@=\dimen279
)
("C:\Users\Lucas\AppData\Local\Programs\MiKTeX 2.9\tex\latex\amsmath\amsopn.sty
"
Package: amsopn 2016/03/08 v2.02 operator names
)
\inf@bad=\count188
LaTeX Info: Redefining \frac on input line 213.
\uproot@=\count189
\leftroot@=\count190
LaTeX Info: Redefining \overline on input line 375.
\classnum@=\count191
\DOTSCASE@=\count192
LaTeX Info: Redefining \ldots on input line 472.
LaTeX Info: Redefining \dots on input line 475.
LaTeX Info: Redefining \cdots on input line 596.
\Mathstrutbox@=\box50
\strutbox@=\box51
\big@size=\dimen280
LaTeX Font Info:    Redeclaring font encoding OML on input line 712.
LaTeX Font Info:    Redeclaring font encoding OMS on input line 713.
\macc@depth=\count193
\c@MaxMatrixCols=\count194
\dotsspace@=\muskip11
\c@parentequation=\count266
\dspbrk@lvl=\count267
\tag@help=\toks46
\row@=\count268
\column@=\count269
\maxfields@=\count270
\andhelp@=\toks47
\eqnshift@=\dimen281
\alignsep@=\dimen282
\tagshift@=\dimen283
\tagwidth@=\dimen284
\totwidth@=\dimen285
\lineht@=\dimen286
\@envbody=\toks48
\multlinegap=\skip265
\multlinetaggap=\skip266
\mathdisplay@stack=\toks49
LaTeX Info: Redefining \[ on input line 2817.
LaTeX Info: Redefining \] on input line 2818.
)
("C:\Users\Lucas\AppData\Local\Programs\MiKTeX 2.9\tex\latex\substr\substr.sty"
Package: substr 2009/10/20 v1.2 Handle substrings
\c@su@anzahl=\count271
)
("C:\Users\Lucas\AppData\Local\Programs\MiKTeX 2.9\tex\latex\datatool\datatool-
fp.sty"
Package: datatool-fp 2018/04/16 v2.30 (NLCT)
 ("C:\Users\Lucas\AppData\Local\Programs\MiKTeX 2.9\tex\latex\fp\fp.sty"
Package: fp 1995/04/02
`Fixed Point Package', Version 0.8, April 2, 1995 (C) Michael Mehlich
("C:\Users\Lucas\AppData\Local\Programs\MiKTeX 2.9\tex\latex\fp\defpattern.sty"
Package: defpattern 1994/10/12
\actioncount=\count272
) ("C:\Users\Lucas\AppData\Local\Programs\MiKTeX 2.9\tex\latex\fp\fp-basic.sty"
Package: fp-basic 1996/05/13
\FP@xs=\count273
\FP@xia=\count274
\FP@xib=\count275
\FP@xfa=\count276
\FP@xfb=\count277
\FP@rega=\count278
\FP@regb=\count279
\FP@regs=\count280
\FP@times=\count281
) ("C:\Users\Lucas\AppData\Local\Programs\MiKTeX 2.9\tex\latex\fp\fp-addons.sty
"
Package: fp-addons 1995/03/15
) ("C:\Users\Lucas\AppData\Local\Programs\MiKTeX 2.9\tex\latex\fp\fp-snap.sty"
Package: fp-snap 1995/04/05
) ("C:\Users\Lucas\AppData\Local\Programs\MiKTeX 2.9\tex\latex\fp\fp-exp.sty"
Package: fp-exp 1995/04/03
)
("C:\Users\Lucas\AppData\Local\Programs\MiKTeX 2.9\tex\latex\fp\fp-trigo.sty"
Package: fp-trigo 1995/04/14
)
("C:\Users\Lucas\AppData\Local\Programs\MiKTeX 2.9\tex\latex\fp\fp-pas.sty"
Package: fp-pas 1994/08/29
)
("C:\Users\Lucas\AppData\Local\Programs\MiKTeX 2.9\tex\latex\fp\fp-random.sty"
Package: fp-random 1995/02/23
\FPseed=\count282
) ("C:\Users\Lucas\AppData\Local\Programs\MiKTeX 2.9\tex\latex\fp\fp-eqn.sty"
Package: fp-eqn 1995/04/03
)
("C:\Users\Lucas\AppData\Local\Programs\MiKTeX 2.9\tex\latex\fp\fp-upn.sty"
Package: fp-upn 1996/10/21
)
("C:\Users\Lucas\AppData\Local\Programs\MiKTeX 2.9\tex\latex\fp\fp-eval.sty"
Package: fp-eval 1995/04/03
)))
\@dtl@toks=\toks50
\@dtl@tmpcount=\count283
\dtl@tmplength=\skip267
\dtl@sortresult=\count284
\@dtl@numgrpsepcount=\count285
\@dtl@datatype=\count286
\dtl@codeA=\count287
\dtl@codeB=\count288
\@dtl@foreach@level=\count289
)
("C:\Users\Lucas\AppData\Local\Programs\MiKTeX 2.9\tex\latex\glossaries\base\gl
ossaries-compatible-307.sty"
Package: glossaries-compatible-307 2018/07/23 v4.41 (NLCT)
)
("C:\Users\Lucas\AppData\Local\Programs\MiKTeX 2.9\tex\latex\tracklang\tracklan
g.sty"
Package: tracklang 2018/05/13 v1.3.6 (NLCT) Track Languages

("C:\Users\Lucas\AppData\Local\Programs\MiKTeX 2.9\tex\generic\tracklang\trackl
ang.tex"))
("C:\Users\Lucas\AppData\Local\Programs\MiKTeX 2.9\tex\latex\translator\transla
tor.sty"
Package: translator 2018/01/04 v1.12 Easy translation of strings in LaTeX
)
("C:\Users\Lucas\AppData\Local\Programs\MiKTeX 2.9\tex\latex\glossaries-portuge
s\glossaries-pt-BR.ldf"
File: glossaries-pt-BR.ldf 2014/11/23 v1.0

("C:\Users\Lucas\AppData\Local\Programs\MiKTeX 2.9\tex\latex\glossaries-portuge
s\glossaries-portuges-utf8.ldf"))
\gls@level=\count290
\@gls@tmpb=\toks51
\gls@tmplen=\skip268


Package glossaries Warning: Overriding \printglossary on input line 5740.


Package glossaries Warning: Overriding `theglossary' environment on input line 
6330.

\glskeylisttok=\toks52
\glslabeltok=\toks53
\glsshorttok=\toks54
\glslongtok=\toks55

("C:\Users\Lucas\AppData\Local\Programs\MiKTeX 2.9\tex\latex\glossaries\styles\
glossary-hypernav.sty"
Package: glossary-hypernav 2018/07/23 v4.41 (NLCT)
)
("C:\Users\Lucas\AppData\Local\Programs\MiKTeX 2.9\tex\latex\glossaries\styles\
glossary-list.sty"
Package: glossary-list 2018/07/23 v4.41 (NLCT)
\glslistdottedwidth=\skip269
)
("C:\Users\Lucas\AppData\Local\Programs\MiKTeX 2.9\tex\latex\glossaries\styles\
glossary-long.sty"
Package: glossary-long 2018/07/23 v4.41 (NLCT)
\glsdescwidth=\skip270
\glspagelistwidth=\skip271
)
("C:\Users\Lucas\AppData\Local\Programs\MiKTeX 2.9\tex\latex\glossaries\styles\
glossary-super.sty"
Package: glossary-super 2018/07/23 v4.41 (NLCT)

("C:\Users\Lucas\AppData\Local\Programs\MiKTeX 2.9\tex\latex\supertabular\super
tabular.sty"
Package: supertabular 2004/02/20 v4.1e the supertabular environment
\c@tracingst=\count291
\ST@wd=\dimen287
\ST@rightskip=\skip272
\ST@leftskip=\skip273
\ST@parfillskip=\skip274
\ST@pageleft=\dimen288
\ST@headht=\dimen289
\ST@tailht=\dimen290
\ST@pagesofar=\dimen291
\ST@pboxht=\dimen292
\ST@lineht=\dimen293
\ST@stretchht=\dimen294
\ST@prevht=\dimen295
\ST@toadd=\dimen296
\ST@dimen=\dimen297
\ST@pbox=\box52
))
("C:\Users\Lucas\AppData\Local\Programs\MiKTeX 2.9\tex\latex\glossaries\styles\
glossary-tree.sty"
Package: glossary-tree 2018/07/23 v4.41 (NLCT)
\glstreeindent=\skip275
))
("C:\Users\Lucas\AppData\Local\Programs\MiKTeX 2.9\tex\latex\tools\multicol.sty
"
Package: multicol 2018/04/20 v1.8s multicolumn formatting (FMi)
\c@tracingmulticols=\count292
\mult@box=\box53
\multicol@leftmargin=\dimen298
\c@unbalance=\count293
\c@collectmore=\count294
\doublecol@number=\count295
\multicoltolerance=\count296
\multicolpretolerance=\count297
\full@width=\dimen299
\page@free=\dimen300
\premulticols=\dimen301
\postmulticols=\dimen302
\multicolsep=\skip276
\multicolbaselineskip=\skip277
\partial@page=\box54
\last@line=\box55
\maxbalancingoverflow=\dimen303
\mult@rightbox=\box56
\mult@grightbox=\box57
\mult@gfirstbox=\box58
\mult@firstbox=\box59
\@tempa=\box60
\@tempa=\box61
\@tempa=\box62
\@tempa=\box63
\@tempa=\box64
\@tempa=\box65
\@tempa=\box66
\@tempa=\box67
\@tempa=\box68
\@tempa=\box69
\@tempa=\box70
\@tempa=\box71
\@tempa=\box72
\@tempa=\box73
\@tempa=\box74
\@tempa=\box75
\@tempa=\box76
\c@columnbadness=\count298
\c@finalcolumnbadness=\count299
\last@try=\dimen304
\multicolovershoot=\dimen305
\multicolundershoot=\dimen306
\mult@nat@firstbox=\box77
\colbreak@box=\box78
\mc@col@check@num=\count300
)
("C:\Users\Lucas\AppData\Local\Programs\MiKTeX 2.9\tex\latex\abntex2\abntex2cit
e.sty"
Package: abntex2cite 2018/11/24 v-1.9.7 abnTeX2

("C:\Users\Lucas\AppData\Local\Programs\MiKTeX 2.9\tex\latex\abntex2\abntex2abr
ev.sty")
\minimumbiblabelwidth=\skip278
\ABCIauxlen=\skip279
\c@ABCIaux=\count301
\c@ABCImax=\count302

("C:\Users\Lucas\AppData\Local\Programs\MiKTeX 2.9\tex\latex\relsize\relsize.st
y"
Package: relsize 2013/03/29 ver 4.1
)
\biblabelsep=\skip280
LaTeX Info: Redefining \newblock on input line 591.
LaTeX Info: Redefining \cite on input line 618.
\ABCItoken=\toks56
)

******************************************************
Stock height and width: 845.04684pt by 597.50787pt
Top and edge trims: 0pt and 0pt
Page height and width: 845.04684pt by 597.50787pt
Text height and width: 706pt by 426pt
Spine and edge margins: 85.35826pt and 85.35826pt
Upper and lower margins: 56.9055pt and 82.14134pt
Headheight and headsep: 12pt and 18.06749pt
Footskip: 25.29494pt
Columnsep and columnseprule: 10pt and 0pt
Marginparsep and marginparwidth: 7pt and 71.35826pt
Sidecapsep and sidecapwidth: 7pt and 128pt
Sidebarhsep and sidebarwidth: 7pt and 128pt
Sidebarvsep and sidebartopsep: 12pt and 0pt
Sidebarheight: 548.39996pt
Sidefoothsep and sidefootwidth: 7pt and 128pt
Sidefootvsep and sidefootheight: 12pt and 548.39996pt
******************************************************

(glossario.tex)
\glswrite=\write5
\glo@main@file=\write6
\openout6 = `main.glo'.

Package glossaries Info: Writing glossary file main.glo on input line 22.
 (main.aux (src/layout/capa.aux) (src/basic/apresentacao.aux)
(src/basic/introducao.aux) (produtos/produm.aux)

LaTeX Warning: Label `fig:estrategmobiarearural' multiply defined.

)
\openout1 = `main.aux'.

LaTeX Font Info:    Checking defaults for OML/cmm/m/it on input line 25.
LaTeX Font Info:    ... okay on input line 25.
LaTeX Font Info:    Checking defaults for T1/cmr/m/n on input line 25.
LaTeX Font Info:    ... okay on input line 25.
LaTeX Font Info:    Checking defaults for OT1/cmr/m/n on input line 25.
LaTeX Font Info:    ... okay on input line 25.
LaTeX Font Info:    Checking defaults for OMS/cmsy/m/n on input line 25.
LaTeX Font Info:    ... okay on input line 25.
LaTeX Font Info:    Checking defaults for OMX/cmex/m/n on input line 25.
LaTeX Font Info:    ... okay on input line 25.
LaTeX Font Info:    Checking defaults for U/cmr/m/n on input line 25.
LaTeX Font Info:    ... okay on input line 25.
LaTeX Font Info:    Checking defaults for PD1/pdf/m/n on input line 25.
LaTeX Font Info:    ... okay on input line 25.
LaTeX Font Info:    Try loading font information for T1+phv on input line 25.
 ("C:\Users\Lucas\AppData\Local\Programs\MiKTeX 2.9\tex\latex\psnfss\t1phv.fd"
File: t1phv.fd 2001/06/04 scalable font definitions for T1/phv.
)
*geometry* driver: auto-detecting
*geometry* detected driver: pdftex
*geometry* verbose mode - [ preamble ] result:
* driver: pdftex
* paper: a4paper
* layout: <same size as paper>
* layoutoffset:(h,v)=(0.0pt,0.0pt)
* modes: twoside 
* h-part:(L,W,R)=(85.35826pt, 426.79135pt, 85.35826pt)
* v-part:(T,H,B)=(71.13188pt, 617.42482pt, 156.49014pt)
* \paperwidth=597.50787pt
* \paperheight=845.04684pt
* \textwidth=426.0pt
* \textheight=706.0pt
* \oddsidemargin=13.0pt
* \evensidemargin=13.0pt
* \topmargin=-45.43198pt
* \headheight=12.0pt
* \headsep=18.06749pt
* \topskip=10.0pt
* \footskip=25.29494pt
* \marginparwidth=71.35826pt
* \marginparsep=7.0pt
* \columnsep=10.0pt
* \skip\footins=12.0pt plus 4.0pt minus 4.0pt
* \hoffset=0.0pt
* \voffset=0.0pt
* \mag=1000
* \@twocolumnfalse
* \@twosidetrue
* \@mparswitchtrue
* \@reversemarginfalse
* (1in=72.27pt=25.4mm, 1cm=28.453pt)

ABD: EveryShipout initializing macros
("C:\Users\Lucas\AppData\Local\Programs\MiKTeX 2.9\tex\context\base\supp-pdf.mk
ii"
[Loading MPS to PDF converter (version 2006.09.02).]
\scratchcounter=\count303
\scratchdimen=\dimen307
\scratchbox=\box79
\nofMPsegments=\count304
\nofMParguments=\count305
\everyMPshowfont=\toks57
\MPscratchCnt=\count306
\MPscratchDim=\dimen308
\MPnumerator=\count307
\makeMPintoPDFobject=\count308
\everyMPtoPDFconversion=\toks58
)
("C:\Users\Lucas\AppData\Local\Programs\MiKTeX 2.9\tex\latex\oberdiek\epstopdf-
base.sty"
Package: epstopdf-base 2016/05/15 v2.6 Base part for package epstopdf

("C:\Users\Lucas\AppData\Local\Programs\MiKTeX 2.9\tex\latex\oberdiek\grfext.st
y"
Package: grfext 2016/05/16 v1.2 Manage graphics extensions (HO)
)
Package epstopdf-base Info: Redefining graphics rule for `.eps' on input line 4
38.
Package grfext Info: Graphics extension search list:
(grfext)             [.pdf,.png,.jpg,.mps,.jpeg,.jbig2,.jb2,.PDF,.PNG,.JPG,.JPE
G,.JBIG2,.JB2,.eps]
(grfext)             \AppendGraphicsExtensions on input line 456.
)
Package scrlayer Info: Setting magic \footheight to \baselineskip while
(scrlayer)             \begin{document} on input line 25.
\AtBeginShipoutBox=\box80
Package hyperref Info: Link coloring OFF on input line 25.

("C:\Users\Lucas\AppData\Local\Programs\MiKTeX 2.9\tex\latex\hyperref\nameref.s
ty"
Package: nameref 2016/05/21 v2.44 Cross-referencing by name of section

("C:\Users\Lucas\AppData\Local\Programs\MiKTeX 2.9\tex\generic\oberdiek\gettitl
estring.sty"
Package: gettitlestring 2016/05/16 v1.5 Cleanup title references (HO)
)
\c@section@level=\count309
)
LaTeX Info: Redefining \ref on input line 25.
LaTeX Info: Redefining \pageref on input line 25.
LaTeX Info: Redefining \nameref on input line 25.
 (main.out) (main.out)
\@outlinefile=\write7
\openout7 = `main.out'.

\openout2 = `src/layout/capa.aux'.

 (src/layout/capa.tex
\capaimage=\box81
<src/layout/capa.png, id=2592, 1330.9725pt x 1882.03125pt>
File: src/layout/capa.png Graphic file (type png)
<use src/layout/capa.png>
Package pdftex.def Info: src/layout/capa.png  used on input line 10.
(pdftex.def)             Requested size: 597.51047pt x 845.03961pt.

Underfull \vbox (badness 10000) has occurred while \output is active []

 [1

\openout5 = `main.ist'.


 <./src/layout/capa.png>]) (src/layout/elaboracao.tex
LaTeX Font Info:    Font shape `T1/phv/bx/n' in size <10> not available
(Font)              Font shape `T1/phv/b/n' tried instead on input line 3.
LaTeX Font Info:    Font shape `T1/phv/bx/n' in size <17.28> not available
(Font)              Font shape `T1/phv/b/n' tried instead on input line 3.

Underfull \vbox (badness 10000) has occurred while \output is active []

<src/basic/agevap.png, id=2598, 150.5625pt x 78.2925pt>
File: src/basic/agevap.png Graphic file (type png)
<use src/basic/agevap.png>
Package pdftex.def Info: src/basic/agevap.png  used on input line 43.
(pdftex.def)             Requested size: 85.35826pt x 44.38824pt.
<src/basic/unesp.png, id=2599, 292.84406pt x 97.11281pt>
File: src/basic/unesp.png Graphic file (type png)
<use src/basic/unesp.png>
Package pdftex.def Info: src/basic/unesp.png  used on input line 45.
(pdftex.def)             Requested size: 85.35826pt x 28.30573pt.

Overfull \hbox (79.66776pt too wide) has occurred while \output is active
[][] 
 []

[2{C:/Users/Lucas/AppData/Local/MiKTeX/2.9/pdftex/config/pdftex.map}



 <./src/layout/header.png> <./src/layout/bottom.png> <./src/basic/agevap.png> <
./src/basic/unesp.png>])
\openout2 = `src/basic/apresentacao.aux'.

 (src/basic/apresentacao.tex
LaTeX Font Info:    Font shape `T1/phv/bx/n' in size <12> not available
(Font)              Font shape `T1/phv/b/n' tried instead on input line 4.
LaTeX Font Info:    Try loading font information for OMS+phv on input line 12.

("C:\Users\Lucas\AppData\Local\Programs\MiKTeX 2.9\tex\latex\psnfss\omsphv.fd"
File: omsphv.fd 
)
LaTeX Font Info:    Font shape `OMS/phv/m/n' in size <10> not available
(Font)              Font shape `OMS/cmsy/m/n' tried instead on input line 12.

Overfull \hbox (79.66776pt too wide) has occurred while \output is active
[][] 
 []

[3



])
Overfull \hbox (79.66776pt too wide) has occurred while \output is active
[][] 
 []

[4] (main.gls
LaTeX Font Info:    Font shape `T1/phv/bx/n' in size <20.74> not available
(Font)              Font shape `T1/phv/b/n' tried instead on input line 1.
)
Overfull \hbox (79.66776pt too wide) has occurred while \output is active
[][] 
 []

[5



] (main.lof
Overfull \hbox (1.17978pt too wide) detected at line 5
 \T1/phv/m/n/10 108
 []


Overfull \hbox (1.17978pt too wide) detected at line 6
 \T1/phv/m/n/10 109
 []


Overfull \hbox (1.17978pt too wide) detected at line 7
 \T1/phv/m/n/10 111
 []


Overfull \hbox (1.17978pt too wide) detected at line 8
 \T1/phv/m/n/10 112
 []


Overfull \hbox (1.17978pt too wide) detected at line 9
 \T1/phv/m/n/10 113
 []

)
Overfull \hbox (79.66776pt too wide) has occurred while \output is active
[][] 
 []

[6

]
LaTeX Font Info:    Font shape `T1/phv/bx/n' in size <14.4> not available
(Font)              Font shape `T1/phv/b/n' tried instead on input line 37.
 (main.loq)
Overfull \hbox (79.66776pt too wide) has occurred while \output is active
[][] 
 []

[7


] (main.toc) [8

]
\openout2 = `src/basic/introducao.aux'.

 (src/basic/introducao.tex

Package hyperref Warning: The anchor of a bookmark and its parent's must not
(hyperref)                be the same. Added a new anchor on input line 1.

)
Overfull \hbox (79.66776pt too wide) has occurred while \output is active
[][] 
 []

[9

]
\openout2 = `produtos/produm.aux'.

 (produtos/produm.tex
LaTeX Font Info:    Font shape `T1/phv/bx/sc' in size <12> not available
(Font)              Font shape `T1/phv/b/sc' tried instead on input line 2.

Overfull \hbox (79.66776pt too wide) has occurred while \output is active
[][] 
 []

[10


]
Overfull \hbox (10.03247pt too wide) in paragraph at lines 21--22
[]\T1/phv/m/n/10 A PNRS relaciona-se com a Po-l-tica Na-ci-o-nal so-bre Mu-dan
a do Clima (Lei n$[]$ 12.187/2009)
 []


Underfull \vbox (badness 10000) has occurred while \output is active []


Overfull \hbox (79.66776pt too wide) has occurred while \output is active
[][] 
 []

[11]
Overfull \hbox (25.19998pt too wide) in alignment at lines 30--35
 [] [] 
 []

LaTeX Font Info:    Font shape `T1/phv/m/it' in size <10> not available
(Font)              Font shape `T1/phv/m/sl' tried instead on input line 37.

Overfull \hbox (25.19998pt too wide) in alignment at lines 35--41
 [] [] 
 []


Overfull \hbox (25.19998pt too wide) in alignment at lines 41--44
 [] [] 
 []


Overfull \hbox (25.19998pt too wide) in alignment at lines 44--46
 [] [] 
 []


Overfull \hbox (25.19998pt too wide) in alignment at lines 46--78
 [] [] 
 []


Overfull \hbox (79.66776pt too wide) has occurred while \output is active
[][] 
 []

[12]
Overfull \hbox (79.66776pt too wide) has occurred while \output is active
[][] 
 []

[13]
Underfull \vbox (badness 10000) has occurred while \output is active []


Overfull \hbox (79.66776pt too wide) has occurred while \output is active
[][] 
 []

[14]
Overfull \hbox (25.19998pt too wide) in alignment at lines 114--119
 [] [] 
 []


Overfull \hbox (25.19998pt too wide) in alignment at lines 119--125
 [] [] 
 []


Overfull \hbox (25.19998pt too wide) in alignment at lines 125--128
 [] [] 
 []


Overfull \hbox (25.19998pt too wide) in alignment at lines 128--130
 [] [] 
 []


Underfull \hbox (badness 10000) in paragraph at lines 169--169
[]|\T1/phv/m/n/10 Constituio Es-ta-dual de
 []


Overfull \hbox (25.19998pt too wide) in alignment at lines 130--170
 [] [] 
 []


Overfull \hbox (79.66776pt too wide) has occurred while \output is active
[][] 
 []

[15]
Underfull \hbox (badness 1558) in paragraph at lines 171--172
\T1/phv/m/n/10 XV  des-car-re-gar, lan-ar, der-ru-bar, de-po-si-tar ou aban-d
o-nar,
 []


Underfull \hbox (badness 2027) in paragraph at lines 171--172
\T1/phv/m/n/10 em qual-quer parte da es-trada, su-cata, lixo, en-tu-lho, le-nha
,
 []


Overfull \hbox (25.19998pt too wide) in alignment at lines 170--209
 [] [] 
 []


Overfull \hbox (79.66776pt too wide) has occurred while \output is active
[][] 
 []

[16]
Overfull \hbox (79.66776pt too wide) has occurred while \output is active
[][] 
 []

[17]
Overfull \hbox (25.19998pt too wide) in alignment at lines 209--249
 [] [] 
 []


Overfull \hbox (79.66776pt too wide) has occurred while \output is active
[][] 
 []

[18]
Overfull \hbox (79.66776pt too wide) has occurred while \output is active
[][] 
 []

[19]
Overfull \hbox (79.66776pt too wide) has occurred while \output is active
[][] 
 []

[20]
Overfull \hbox (79.66776pt too wide) has occurred while \output is active
[][] 
 []

[21]
Overfull \hbox (79.66776pt too wide) has occurred while \output is active
[][] 
 []

[22]
Overfull \hbox (25.19998pt too wide) in alignment at lines 249--289
 [] [] 
 []


Overfull \hbox (79.66776pt too wide) has occurred while \output is active
[][] 
 []

[23]
Overfull \hbox (79.66776pt too wide) has occurred while \output is active
[][] 
 []

[24]
Overfull \hbox (79.66776pt too wide) has occurred while \output is active
[][] 
 []

[25]
Overfull \hbox (25.19998pt too wide) in alignment at lines 289--329
 [] [] 
 []


Overfull \hbox (79.66776pt too wide) has occurred while \output is active
[][] 
 []

[26]
Overfull \hbox (79.66776pt too wide) has occurred while \output is active
[][] 
 []

[27]
Underfull \hbox (badness 2111) in paragraph at lines 338--339
[]|\T1/phv/m/n/10 Institui o Pro-grama Es-ta-dual de In-cen-tivo ao uso de ma-t
-
 []


Overfull \hbox (25.19998pt too wide) in alignment at lines 329--352
 [] [] 
 []


Overfull \hbox (79.66776pt too wide) has occurred while \output is active
[][] 
 []

[28]
Overfull \hbox (79.66776pt too wide) has occurred while \output is active
[][] 
 []

[29]
Overfull \hbox (79.66776pt too wide) has occurred while \output is active
[][] 
 []

[30]
Overfull \hbox (79.66776pt too wide) has occurred while \output is active
[][] 
 []

[31]
Overfull \hbox (79.66776pt too wide) has occurred while \output is active
[][] 
 []

[32]
Overfull \hbox (79.66776pt too wide) has occurred while \output is active
[][] 
 []

[33]
Overfull \hbox (4.69688pt too wide) in paragraph at lines 374--374
\T1/phv/m/n/10 mento On-line de Re-s-duos S-li-dos - SI-GOR cabe:
 []


Overfull \hbox (79.66776pt too wide) has occurred while \output is active
[][] 
 []

[34]
Overfull \hbox (79.66776pt too wide) has occurred while \output is active
[][] 
 []

[35]
Overfull \hbox (79.66776pt too wide) has occurred while \output is active
[][] 
 []

[36]
Underfull \vbox (badness 10000) has occurred while \output is active []


Overfull \hbox (79.66776pt too wide) has occurred while \output is active
[][] 
 []

[37]
LaTeX Font Info:    Font shape `T1/phv/bx/sc' in size <8> not available
(Font)              Font shape `T1/phv/b/sc' tried instead on input line 428.

Overfull \hbox (79.66776pt too wide) has occurred while \output is active
[][] 
 []

[38]
Overfull \hbox (79.66776pt too wide) has occurred while \output is active
[][] 
 []

[39]
Underfull \vbox (badness 1953) has occurred while \output is active []


Overfull \hbox (79.66776pt too wide) has occurred while \output is active
[][] 
 []

[40]
Overfull \hbox (79.66776pt too wide) has occurred while \output is active
[][] 
 []

[41]
Overfull \hbox (79.66776pt too wide) has occurred while \output is active
[][] 
 []

[42]
Overfull \hbox (79.66776pt too wide) has occurred while \output is active
[][] 
 []

[43]
Overfull \hbox (79.66776pt too wide) has occurred while \output is active
[][] 
 []

[44]
<produtos/produm/distribuicaolegislacao.png, id=2875, 1243.64626pt x 1008.76875
pt>
File: produtos/produm/distribuicaolegislacao.png Graphic file (type png)
<use produtos/produm/distribuicaolegislacao.png>
Package pdftex.def Info: produtos/produm/distribuicaolegislacao.png  used on in
put line 597.
(pdftex.def)             Requested size: 426.0pt x 345.5474pt.


LaTeX Warning: `!h' float specifier changed to `!ht'.


Overfull \hbox (79.66776pt too wide) has occurred while \output is active
[][] 
 []

[45]
Underfull \vbox (badness 3039) has occurred while \output is active []


Overfull \hbox (79.66776pt too wide) has occurred while \output is active
[][] 
 []

[46 <./produtos/produm/distribuicaolegislacao.png>])
Overfull \hbox (79.66776pt too wide) has occurred while \output is active
[][] 
 []

[47] (main.bbl [48


]
bibitemlist

LaTeX Warning: Empty `thebibliography' environment on input line 8.

) (produm-apend.tex
Overfull \hbox (79.66776pt too wide) has occurred while \output is active
[][] 
 []

[49] [50

]
Underfull \vbox (badness 1194) has occurred while \output is active []

 [51]
Underfull \vbox (badness 10000) has occurred while \output is active []


Overfull \hbox (79.66776pt too wide) has occurred while \output is active
[][] 
 []

[52]
Overfull \hbox (79.66776pt too wide) has occurred while \output is active
[][] 
 []

[53]
Overfull \hbox (1.6133pt too wide) in paragraph at lines 128--129
\T1/phv/m/n/10 Sobre ge-ren-ci-a-mento de RCC, al-te-rada pe-las re-so-lu-es 
348/2004, 431/2011,
 []


Underfull \vbox (badness 10000) has occurred while \output is active []


Overfull \hbox (79.66776pt too wide) has occurred while \output is active
[][] 
 []

[54]
Overfull \hbox (79.66776pt too wide) has occurred while \output is active
[][] 
 []

[55]
Underfull \vbox (badness 10000) has occurred while \output is active []


Overfull \hbox (79.66776pt too wide) has occurred while \output is active
[][] 
 []

[56]
Underfull \vbox (badness 10000) has occurred while \output is active []


Overfull \hbox (79.66776pt too wide) has occurred while \output is active
[][] 
 []

[57]
Underfull \vbox (badness 10000) has occurred while \output is active []


Overfull \hbox (79.66776pt too wide) has occurred while \output is active
[][] 
 []

[58]
Underfull \vbox (badness 10000) has occurred while \output is active []


Overfull \hbox (79.66776pt too wide) has occurred while \output is active
[][] 
 []

[59]
Underfull \vbox (badness 10000) has occurred while \output is active []


Overfull \hbox (79.66776pt too wide) has occurred while \output is active
[][] 
 []

[60]
Underfull \vbox (badness 10000) has occurred while \output is active []


Overfull \hbox (79.66776pt too wide) has occurred while \output is active
[][] 
 []

[61]
Underfull \vbox (badness 1122) has occurred while \output is active []


Overfull \hbox (79.66776pt too wide) has occurred while \output is active
[][] 
 []

[62]
Underfull \vbox (badness 10000) has occurred while \output is active []


Overfull \hbox (79.66776pt too wide) has occurred while \output is active
[][] 
 []

[63]
Underfull \vbox (badness 10000) has occurred while \output is active []


Overfull \hbox (79.66776pt too wide) has occurred while \output is active
[][] 
 []

[64]
Underfull \vbox (badness 10000) has occurred while \output is active []


Overfull \hbox (79.66776pt too wide) has occurred while \output is active
[][] 
 []

[65]
Underfull \vbox (badness 1371) has occurred while \output is active []


Overfull \hbox (79.66776pt too wide) has occurred while \output is active
[][] 
 []

[66]
Underfull \vbox (badness 10000) has occurred while \output is active []


Overfull \hbox (79.66776pt too wide) has occurred while \output is active
[][] 
 []

[67]
Underfull \vbox (badness 10000) has occurred while \output is active []


Overfull \hbox (79.66776pt too wide) has occurred while \output is active
[][] 
 []

[68]
Overfull \hbox (0.55376pt too wide) in paragraph at lines 565--566
\T1/phv/m/n/10 Locao de im-vel lo-ca-li-zado na Rua Ber-nar-dino de Campos,n
$[]$271,destinado
 []


Underfull \vbox (badness 10000) has occurred while \output is active []


Overfull \hbox (79.66776pt too wide) has occurred while \output is active
[][] 
 []

[69]

Package hyperref Warning: Token not allowed in a PDF string (PDFDocEncoding):
(hyperref)                removing `\\' on input line 607.


Overfull \hbox (79.66776pt too wide) has occurred while \output is active
[][] 
 []

[70]
Underfull \vbox (badness 10000) has occurred while \output is active []


Overfull \hbox (79.66776pt too wide) has occurred while \output is active
[][] 
 []

[71]
Underfull \vbox (badness 1648) has occurred while \output is active []


Overfull \hbox (79.66776pt too wide) has occurred while \output is active
[][] 
 []

[72]
Overfull \hbox (79.66776pt too wide) has occurred while \output is active
[][] 
 []

[73]
Underfull \vbox (badness 10000) has occurred while \output is active []


Overfull \hbox (79.66776pt too wide) has occurred while \output is active
[][] 
 []

[74]
Underfull \vbox (badness 10000) has occurred while \output is active []


Overfull \hbox (79.66776pt too wide) has occurred while \output is active
[][] 
 []

[75]
Underfull \vbox (badness 10000) has occurred while \output is active []


Overfull \hbox (79.66776pt too wide) has occurred while \output is active
[][] 
 []

[76]
Underfull \vbox (badness 10000) has occurred while \output is active []


Overfull \hbox (79.66776pt too wide) has occurred while \output is active
[][] 
 []

[77]
Overfull \hbox (1.6133pt too wide) in paragraph at lines 838--839
\T1/phv/m/n/10 Sobre ge-ren-ci-a-mento de RCC, al-te-rada pe-las re-so-lu-es 
348/2004, 431/2011,
 []


Underfull \vbox (badness 10000) has occurred while \output is active []


Overfull \hbox (79.66776pt too wide) has occurred while \output is active
[][] 
 []

[78]
Underfull \vbox (badness 10000) has occurred while \output is active []


Overfull \hbox (79.66776pt too wide) has occurred while \output is active
[][] 
 []

[79]
Underfull \vbox (badness 10000) has occurred while \output is active []


Overfull \hbox (79.66776pt too wide) has occurred while \output is active
[][] 
 []

[80]
Underfull \vbox (badness 10000) has occurred while \output is active []


Overfull \hbox (79.66776pt too wide) has occurred while \output is active
[][] 
 []

[81]
Overfull \hbox (4.08167pt too wide) in paragraph at lines 932--933
\T1/phv/m/n/10 Estabelece os pro-ce-di-men-tos ope-ra-ci-o-nais do Pro-grama Mu
-ni-c-pio Verde Azul,
 []


Overfull \hbox (79.66776pt too wide) has occurred while \output is active
[][] 
 []

[82]
Underfull \vbox (badness 10000) has occurred while \output is active []


Overfull \hbox (79.66776pt too wide) has occurred while \output is active
[][] 
 []

[83]
Underfull \vbox (badness 10000) has occurred while \output is active []


Overfull \hbox (79.66776pt too wide) has occurred while \output is active
[][] 
 []

[84]
Underfull \vbox (badness 10000) has occurred while \output is active []


Overfull \hbox (79.66776pt too wide) has occurred while \output is active
[][] 
 []

[85]
Overfull \hbox (79.66776pt too wide) has occurred while \output is active
[][] 
 []

[86]
Underfull \vbox (badness 10000) has occurred while \output is active []


Overfull \hbox (79.66776pt too wide) has occurred while \output is active
[][] 
 []

[87]
Underfull \vbox (badness 10000) has occurred while \output is active []


Overfull \hbox (79.66776pt too wide) has occurred while \output is active
[][] 
 []

[88]
Overfull \hbox (79.66776pt too wide) has occurred while \output is active
[][] 
 []

[89]
Underfull \vbox (badness 10000) has occurred while \output is active []


Overfull \hbox (79.66776pt too wide) has occurred while \output is active
[][] 
 []

[90]
Overfull \hbox (79.66776pt too wide) has occurred while \output is active
[][] 
 []

[91]
Underfull \vbox (badness 10000) has occurred while \output is active []


Overfull \hbox (79.66776pt too wide) has occurred while \output is active
[][] 
 []

[92]
Underfull \vbox (badness 10000) has occurred while \output is active []


Overfull \hbox (79.66776pt too wide) has occurred while \output is active
[][] 
 []

[93]
Underfull \vbox (badness 10000) has occurred while \output is active []


Overfull \hbox (79.66776pt too wide) has occurred while \output is active
[][] 
 []

[94]
Overfull \hbox (79.66776pt too wide) has occurred while \output is active
[][] 
 []

[95]
Underfull \vbox (badness 1371) has occurred while \output is active []


Overfull \hbox (79.66776pt too wide) has occurred while \output is active
[][] 
 []

[96]
Underfull \vbox (badness 10000) has occurred while \output is active []


Overfull \hbox (79.66776pt too wide) has occurred while \output is active
[][] 
 []

[97]
Underfull \vbox (badness 10000) has occurred while \output is active []


Overfull \hbox (79.66776pt too wide) has occurred while \output is active
[][] 
 []

[98]
Underfull \vbox (badness 10000) has occurred while \output is active []


Overfull \hbox (79.66776pt too wide) has occurred while \output is active
[][] 
 []

[99]
Underfull \vbox (badness 10000) has occurred while \output is active []


Overfull \hbox (79.66776pt too wide) has occurred while \output is active
[][] 
 []

[100]
Underfull \vbox (badness 10000) has occurred while \output is active []


Overfull \hbox (79.66776pt too wide) has occurred while \output is active
[][] 
 []

[101]
Underfull \vbox (badness 10000) has occurred while \output is active []


Overfull \hbox (79.66776pt too wide) has occurred while \output is active
[][] 
 []

[102]
Underfull \vbox (badness 10000) has occurred while \output is active []


Overfull \hbox (79.66776pt too wide) has occurred while \output is active
[][] 
 []

[103]) (produm-anexo.tex
Overfull \hbox (79.66776pt too wide) has occurred while \output is active
[][] 
 []

[104] [105

]
Overfull \hbox (79.66776pt too wide) has occurred while \output is active
[][] 
 []

[106]
Overfull \hbox (79.66776pt too wide) has occurred while \output is active
[][] 
 []

[107]
<produtos/produm/danielepub.png, id=3164, 927.465pt x 498.36188pt>
File: produtos/produm/danielepub.png Graphic file (type png)
<use produtos/produm/danielepub.png>
Package pdftex.def Info: produtos/produm/danielepub.png  used on input line 71.

(pdftex.def)             Requested size: 426.0pt x 228.90704pt.

Overfull \hbox (79.66776pt too wide) has occurred while \output is active
[][] 
 []

[108 <./produtos/produm/danielepub.png>]
<produtos/produm/estrategmobi.png, id=3170, 1111.90407pt x 557.83406pt>
File: produtos/produm/estrategmobi.png Graphic file (type png)
<use produtos/produm/estrategmobi.png>
Package pdftex.def Info: produtos/produm/estrategmobi.png  used on input line 9
2.
(pdftex.def)             Requested size: 426.0pt x 213.72406pt.

Overfull \hbox (79.66776pt too wide) has occurred while \output is active
[][] 
 []

[109 <./produtos/produm/estrategmobi.png>]
<produtos/produm/estrategmobiarearural.png, id=3179, 885.3075pt x 520.19344pt>
File: produtos/produm/estrategmobiarearural.png Graphic file (type png)
<use produtos/produm/estrategmobiarearural.png>
Package pdftex.def Info: produtos/produm/estrategmobiarearural.png  used on inp
ut line 118.
(pdftex.def)             Requested size: 426.0pt x 250.31706pt.


LaTeX Warning: `!h' float specifier changed to `!ht'.


Overfull \hbox (79.66776pt too wide) has occurred while \output is active
[][] 
 []

[110]

LaTeX Warning: Reference `fig:estrategmobiturista' on page 111 undefined on inp
ut line 136.

<produtos/produm/estrategmobiturista.png, id=3189, 836.3747pt x 453.19313pt>
File: produtos/produm/estrategmobiturista.png Graphic file (type png)
<use produtos/produm/estrategmobiturista.png>
Package pdftex.def Info: produtos/produm/estrategmobiturista.png  used on input
 line 140.
(pdftex.def)             Requested size: 426.0pt x 230.83499pt.

LaTeX Warning: `!h' float specifier changed to `!ht'.


Overfull \hbox (79.66776pt too wide) has occurred while \output is active
[][] 
 []

[111 <./produtos/produm/estrategmobiarearural.png>]
<produtos/produm/estrategmobijovem.png, id=3197, 903.375pt x 585.68813pt>
File: produtos/produm/estrategmobijovem.png Graphic file (type png)
<use produtos/produm/estrategmobijovem.png>
Package pdftex.def Info: produtos/produm/estrategmobijovem.png  used on input l
ine 154.
(pdftex.def)             Requested size: 426.0pt x 276.19395pt.


LaTeX Warning: `!h' float specifier changed to `!ht'.


Overfull \hbox (79.66776pt too wide) has occurred while \output is active
[][] 
 []

[112 <./produtos/produm/estrategmobiturista.png>]
Overfull \hbox (79.66776pt too wide) has occurred while \output is active
[][] 
 []

[113 <./produtos/produm/estrategmobijovem.png>])
Overfull \hbox (79.66776pt too wide) has occurred while \output is active
[][] 
 []

[114]
\tf@lof=\write8
\openout8 = `main.lof'.

\tf@loq=\write9
\openout9 = `main.loq'.

\tf@toc=\write10
\openout10 = `main.toc'.

Package atveryend Info: Empty hook `BeforeClearDocument' on input line 59.
Package atveryend Info: Empty hook `AfterLastShipout' on input line 59.
 (main.aux (src/layout/capa.aux) (src/basic/apresentacao.aux)
(src/basic/introducao.aux) (produtos/produm.aux))
Package atveryend Info: Executing hook `AtVeryEndDocument' on input line 59.
Package atveryend Info: Executing hook `AtEndAfterFileList' on input line 59.
Package rerunfilecheck Info: File `main.out' has not changed.
(rerunfilecheck)             Checksum: B54FB6B8A7AF03CFF88365547CD47C9A;56633.


LaTeX Warning: There were undefined references.


LaTeX Warning: There were multiply-defined labels.

Package atveryend Info: Empty hook `AtVeryVeryEnd' on input line 59.
 ) 
Here is how much of TeX's memory you used:
 30093 strings out of 492970
 553918 string characters out of 3126594
 756411 words of memory out of 3000000
 32585 multiletter control sequences out of 15000+200000
 49201 words of font info for 55 fonts, out of 3000000 for 9000
 1141 hyphenation exceptions out of 8191
 67i,17n,67p,1993b,779s stack positions out of 5000i,500n,10000p,200000b,50000s
{C:/Users/Lucas/AppData/Local/Programs/MiKTeX 2.9/fonts/enc/dvips/base/8r.enc
}<C:/Users/Lucas/AppData/Local/Programs/MiKTeX 2.9/fonts/type1/public/amsfonts/
cm/cmmi10.pfb><C:/Users/Lucas/AppData/Local/Programs/MiKTeX 2.9/fonts/type1/pub
lic/amsfonts/cm/cmr7.pfb><C:/Users/Lucas/AppData/Local/Programs/MiKTeX 2.9/font
s/type1/public/amsfonts/cm/cmsy10.pfb><C:/Users/Lucas/AppData/Local/Programs/Mi
KTeX 2.9/fonts/type1/urw/helvetic/uhvb8a.pfb><C:/Users/Lucas/AppData/Local/Prog
rams/MiKTeX 2.9/fonts/type1/urw/helvetic/uhvr8a.pfb><C:/Users/Lucas/AppData/Loc
al/Programs/MiKTeX 2.9/fonts/type1/urw/helvetic/uhvro8a.pfb>
Output written on main.pdf (114 pages, 8398717 bytes).
PDF statistics:
 3403 PDF objects out of 3580 (max. 8388607)
 811 named destinations out of 1000 (max. 500000)
 5236 words of extra memory for PDF output out of 10000 (max. 10000000)

